2018-03-15 02:07:56	INFO	hif_makeimlist::pipeline.infrastructure.basetask::	Starting execution for stage 30
2018-03-15 02:08:01	INFO	pipeline.infrastructure.basetask::imager::setDataOnThisMS()	Performing selection on MeasurementSet : /opt/dared/opt/c5r1/mnt/dataproc/2016.1.00023.S_2018_03_09T13_37_06.344/SOUS_uid___A001_X87d_X495/GOUS_uid___A001_X87d_X496/MOUS_uid___A001_X87d_X497/working/uid___A002_Xc27dd7_X2fc3_target.ms
2018-03-15 02:08:01	INFO	pipeline.infrastructure.basetask::imager::setDataOnThisMS()	Selecting on fields : NGC1068
2018-03-15 02:08:01	INFO	pipeline.infrastructure.basetask::imager::setDataOnThisMS()	Selecting on spectral windows expression :22
2018-03-15 02:08:01	INFO	pipeline.infrastructure.basetask::imager::setDataOnThisMS()	Selecting on scan : 11,13,16,18,22,24,27,29,33
2018-03-15 02:08:01	INFO	pipeline.infrastructure.basetask::imager::setDataOnThisMS()	Selected 529690 out of  1589070 rows.
2018-03-15 02:08:01	INFO	pipeline.infrastructure.basetask::imager::setDataOnThisMS()	Selected : [3840 chans in spw 22]
2018-03-15 02:08:01	INFO	pipeline.infrastructure.basetask::imager::advise() 	Advising image properties
2018-03-15 02:08:51	INFO	pipeline.infrastructure.basetask::imager::advise() 	Maximum uv distance = 2.09311e+06 wavelengths
2018-03-15 02:08:51	INFO	pipeline.infrastructure.basetask::imager::advise() +	Recommended cell size < 0.0492723 arcsec
2018-03-15 02:08:51	INFO	pipeline.infrastructure.basetask::imager::advise() 	Recommended number of pixels = 1000
2018-03-15 02:08:51	INFO	pipeline.infrastructure.basetask::imager::advise() +	Dispersion in uv, w distance = 722185, 220029 wavelengths
2018-03-15 02:08:51	INFO	pipeline.infrastructure.basetask::imager::advise() +	Best fitting plane is w = -0.028903 * u + 0.416205 * v
2018-03-15 02:08:51	INFO	pipeline.infrastructure.basetask::imager::advise() +	Dispersion in fitted w = 41044.4 wavelengths
2018-03-15 02:08:51	INFO	pipeline.infrastructure.basetask::imager::advise() +	Wide field cleaning is not necessary
2018-03-15 02:08:51	INFO	pipeline.infrastructure.basetask::imager::setDataOnThisMS()	Performing selection on MeasurementSet : /opt/dared/opt/c5r1/mnt/dataproc/2016.1.00023.S_2018_03_09T13_37_06.344/SOUS_uid___A001_X87d_X495/GOUS_uid___A001_X87d_X496/MOUS_uid___A001_X87d_X497/working/uid___A002_Xc27dd7_X6983_target.ms
2018-03-15 02:08:51	INFO	pipeline.infrastructure.basetask::imager::setDataOnThisMS()	Selecting on fields : NGC1068
2018-03-15 02:08:51	INFO	pipeline.infrastructure.basetask::imager::setDataOnThisMS()	Selecting on spectral windows expression :22
2018-03-15 02:08:51	INFO	pipeline.infrastructure.basetask::imager::setDataOnThisMS()	Selecting on scan : 9,11,14,16,20,22,25,27,31
2018-03-15 02:08:52	INFO	pipeline.infrastructure.basetask::imager::setDataOnThisMS()	Selected 485100 out of  1455300 rows.
2018-03-15 02:08:52	INFO	pipeline.infrastructure.basetask::imager::setDataOnThisMS()	Selected : [3840 chans in spw 22]
2018-03-15 02:08:52	INFO	pipeline.infrastructure.basetask::imager::advise() 	Advising image properties
2018-03-15 02:09:37	INFO	pipeline.infrastructure.basetask::imager::advise() 	Maximum uv distance = 2.89086e+06 wavelengths
2018-03-15 02:09:37	INFO	pipeline.infrastructure.basetask::imager::advise() +	Recommended cell size < 0.0356754 arcsec
2018-03-15 02:09:37	INFO	pipeline.infrastructure.basetask::imager::advise() 	Recommended number of pixels = 1440
2018-03-15 02:09:37	INFO	pipeline.infrastructure.basetask::imager::advise() +	Dispersion in uv, w distance = 839498, 340897 wavelengths
2018-03-15 02:09:37	INFO	pipeline.infrastructure.basetask::imager::advise() +	Best fitting plane is w = 0.399447 * u + 0.453007 * v
2018-03-15 02:09:37	INFO	pipeline.infrastructure.basetask::imager::advise() +	Dispersion in fitted w = 46271.1 wavelengths
2018-03-15 02:09:37	INFO	pipeline.infrastructure.basetask::imager::advise() +	Wide field cleaning is not necessary
2018-03-15 02:09:37	INFO	pipeline.infrastructure.basetask::imager::setDataOnThisMS()	Performing selection on MeasurementSet : /opt/dared/opt/c5r1/mnt/dataproc/2016.1.00023.S_2018_03_09T13_37_06.344/SOUS_uid___A001_X87d_X495/GOUS_uid___A001_X87d_X496/MOUS_uid___A001_X87d_X497/working/uid___A002_Xc27dd7_X6c8e_target.ms
2018-03-15 02:09:37	INFO	pipeline.infrastructure.basetask::imager::setDataOnThisMS()	Selecting on fields : NGC1068
2018-03-15 02:09:37	INFO	pipeline.infrastructure.basetask::imager::setDataOnThisMS()	Selecting on spectral windows expression :22
2018-03-15 02:09:37	INFO	pipeline.infrastructure.basetask::imager::setDataOnThisMS()	Selecting on scan : 11,13,16,18,22,24,27,29
2018-03-15 02:09:37	INFO	pipeline.infrastructure.basetask::imager::setDataOnThisMS()	Selected 425700 out of  1277100 rows.
2018-03-15 02:09:37	INFO	pipeline.infrastructure.basetask::imager::setDataOnThisMS()	Selected : [3840 chans in spw 22]
2018-03-15 02:09:38	INFO	pipeline.infrastructure.basetask::imager::advise() 	Advising image properties
2018-03-15 02:10:21	INFO	pipeline.infrastructure.basetask::imager::advise() 	Maximum uv distance = 2.89116e+06 wavelengths
2018-03-15 02:10:21	INFO	pipeline.infrastructure.basetask::imager::advise() +	Recommended cell size < 0.0356716 arcsec
2018-03-15 02:10:21	INFO	pipeline.infrastructure.basetask::imager::advise() 	Recommended number of pixels = 1440
2018-03-15 02:10:21	INFO	pipeline.infrastructure.basetask::imager::advise() +	Dispersion in uv, w distance = 842890, 287513 wavelengths
2018-03-15 02:10:21	INFO	pipeline.infrastructure.basetask::imager::advise() +	Best fitting plane is w = 0.0324251 * u + 0.421022 * v
2018-03-15 02:10:21	INFO	pipeline.infrastructure.basetask::imager::advise() +	Dispersion in fitted w = 36572.5 wavelengths
2018-03-15 02:10:21	INFO	pipeline.infrastructure.basetask::imager::advise() +	Wide field cleaning is not necessary
2018-03-15 02:10:21	INFO	pipeline.infrastructure.basetask::imager::setDataOnThisMS()	Performing selection on MeasurementSet : /opt/dared/opt/c5r1/mnt/dataproc/2016.1.00023.S_2018_03_09T13_37_06.344/SOUS_uid___A001_X87d_X495/GOUS_uid___A001_X87d_X496/MOUS_uid___A001_X87d_X497/working/uid___A002_Xc2b007_X877_target.ms
2018-03-15 02:10:21	INFO	pipeline.infrastructure.basetask::imager::setDataOnThisMS()	Selecting on fields : NGC1068
2018-03-15 02:10:21	INFO	pipeline.infrastructure.basetask::imager::setDataOnThisMS()	Selecting on spectral windows expression :22
2018-03-15 02:10:21	INFO	pipeline.infrastructure.basetask::imager::setDataOnThisMS()	Selecting on scan : 9,11,14,16,20,22,25,27,31
2018-03-15 02:10:21	INFO	pipeline.infrastructure.basetask::imager::setDataOnThisMS()	Selected 485100 out of  1455300 rows.
2018-03-15 02:10:21	INFO	pipeline.infrastructure.basetask::imager::setDataOnThisMS()	Selected : [3840 chans in spw 22]
2018-03-15 02:10:22	INFO	pipeline.infrastructure.basetask::imager::advise() 	Advising image properties
2018-03-15 02:11:08	INFO	pipeline.infrastructure.basetask::imager::advise() 	Maximum uv distance = 2.89081e+06 wavelengths
2018-03-15 02:11:08	INFO	pipeline.infrastructure.basetask::imager::advise() +	Recommended cell size < 0.0356759 arcsec
2018-03-15 02:11:08	INFO	pipeline.infrastructure.basetask::imager::advise() 	Recommended number of pixels = 1440
2018-03-15 02:11:08	INFO	pipeline.infrastructure.basetask::imager::advise() +	Dispersion in uv, w distance = 892593, 364840 wavelengths
2018-03-15 02:11:08	INFO	pipeline.infrastructure.basetask::imager::advise() +	Best fitting plane is w = 0.501831 * u + 0.46578 * v
2018-03-15 02:11:08	INFO	pipeline.infrastructure.basetask::imager::advise() +	Dispersion in fitted w = 53271.4 wavelengths
2018-03-15 02:11:08	INFO	pipeline.infrastructure.basetask::imager::advise() +	Wide field cleaning is not necessary
2018-03-15 02:11:08	INFO	pipeline.infrastructure.basetask::imager::setDataOnThisMS()	Performing selection on MeasurementSet : /opt/dared/opt/c5r1/mnt/dataproc/2016.1.00023.S_2018_03_09T13_37_06.344/SOUS_uid___A001_X87d_X495/GOUS_uid___A001_X87d_X496/MOUS_uid___A001_X87d_X497/working/uid___A002_Xc8592e_Xaea3_target.ms
2018-03-15 02:11:08	INFO	pipeline.infrastructure.basetask::imager::setDataOnThisMS()	Selecting on fields : NGC1068
2018-03-15 02:11:08	INFO	pipeline.infrastructure.basetask::imager::setDataOnThisMS()	Selecting on spectral windows expression :22
2018-03-15 02:11:08	INFO	pipeline.infrastructure.basetask::imager::setDataOnThisMS()	Selecting on scan : 7,9,11,13,14,18,20,22,24,25,29
2018-03-15 02:11:09	INFO	pipeline.infrastructure.basetask::imager::setDataOnThisMS()	Selected 529690 out of  1589070 rows.
2018-03-15 02:11:09	INFO	pipeline.infrastructure.basetask::imager::setDataOnThisMS()	Selected : [3840 chans in spw 22]
2018-03-15 02:11:09	INFO	pipeline.infrastructure.basetask::imager::advise() 	Advising image properties
2018-03-15 02:12:02	INFO	pipeline.infrastructure.basetask::imager::advise() 	Maximum uv distance = 1.88749e+06 wavelengths
2018-03-15 02:12:02	INFO	pipeline.infrastructure.basetask::imager::advise() +	Recommended cell size < 0.0546399 arcsec
2018-03-15 02:12:02	INFO	pipeline.infrastructure.basetask::imager::advise() 	Recommended number of pixels = 900
2018-03-15 02:12:02	INFO	pipeline.infrastructure.basetask::imager::advise() +	Dispersion in uv, w distance = 678276, 255144 wavelengths
2018-03-15 02:12:02	INFO	pipeline.infrastructure.basetask::imager::advise() +	Best fitting plane is w = -0.355795 * u + 0.44328 * v
2018-03-15 02:12:02	INFO	pipeline.infrastructure.basetask::imager::advise() +	Dispersion in fitted w = 38954.2 wavelengths
2018-03-15 02:12:02	INFO	pipeline.infrastructure.basetask::imager::advise() +	Wide field cleaning is not necessary
2018-03-15 02:12:02	INFO	pipeline.infrastructure.basetask::imager::setDataOnThisMS()	Performing selection on MeasurementSet : /opt/dared/opt/c5r1/mnt/dataproc/2016.1.00023.S_2018_03_09T13_37_06.344/SOUS_uid___A001_X87d_X495/GOUS_uid___A001_X87d_X496/MOUS_uid___A001_X87d_X497/working/uid___A002_Xc89480_X8c7d_target.ms
2018-03-15 02:12:02	INFO	pipeline.infrastructure.basetask::imager::setDataOnThisMS()	Selecting on fields : NGC1068
2018-03-15 02:12:02	INFO	pipeline.infrastructure.basetask::imager::setDataOnThisMS()	Selecting on spectral windows expression :22
2018-03-15 02:12:02	INFO	pipeline.infrastructure.basetask::imager::setDataOnThisMS()	Selecting on scan : 7,9,11,13,14,18,20,22,24,25,29
2018-03-15 02:12:02	INFO	pipeline.infrastructure.basetask::imager::setDataOnThisMS()	Selected 529690 out of  1589070 rows.
2018-03-15 02:12:02	INFO	pipeline.infrastructure.basetask::imager::setDataOnThisMS()	Selected : [3840 chans in spw 22]
2018-03-15 02:12:02	INFO	pipeline.infrastructure.basetask::imager::advise() 	Advising image properties
2018-03-15 02:12:53	INFO	pipeline.infrastructure.basetask::imager::advise() 	Maximum uv distance = 1.87142e+06 wavelengths
2018-03-15 02:12:53	INFO	pipeline.infrastructure.basetask::imager::advise() +	Recommended cell size < 0.0551093 arcsec
2018-03-15 02:12:53	INFO	pipeline.infrastructure.basetask::imager::advise() 	Recommended number of pixels = 900
2018-03-15 02:12:53	INFO	pipeline.infrastructure.basetask::imager::advise() +	Dispersion in uv, w distance = 669610, 257235 wavelengths
2018-03-15 02:12:53	INFO	pipeline.infrastructure.basetask::imager::advise() +	Best fitting plane is w = -0.402136 * u + 0.449292 * v
2018-03-15 02:12:53	INFO	pipeline.infrastructure.basetask::imager::advise() +	Dispersion in fitted w = 39908.5 wavelengths
2018-03-15 02:12:53	INFO	pipeline.infrastructure.basetask::imager::advise() +	Wide field cleaning is not necessary
2018-03-15 02:12:53	INFO	pipeline.infrastructure.basetask::imager::setDataOnThisMS()	Performing selection on MeasurementSet : /opt/dared/opt/c5r1/mnt/dataproc/2016.1.00023.S_2018_03_09T13_37_06.344/SOUS_uid___A001_X87d_X495/GOUS_uid___A001_X87d_X496/MOUS_uid___A001_X87d_X497/working/uid___A002_Xc96463_X1646_target.ms
2018-03-15 02:12:53	INFO	pipeline.infrastructure.basetask::imager::setDataOnThisMS()	Selecting on fields : NGC1068
2018-03-15 02:12:53	INFO	pipeline.infrastructure.basetask::imager::setDataOnThisMS()	Selecting on spectral windows expression :22
2018-03-15 02:12:53	INFO	pipeline.infrastructure.basetask::imager::setDataOnThisMS()	Selecting on scan : 7,9,11,13,14,18,20,22,24,25,29
2018-03-15 02:12:53	INFO	pipeline.infrastructure.basetask::imager::setDataOnThisMS()	Selected 507150 out of  1521450 rows.
2018-03-15 02:12:53	INFO	pipeline.infrastructure.basetask::imager::setDataOnThisMS()	Selected : [3840 chans in spw 22]
2018-03-15 02:12:53	INFO	pipeline.infrastructure.basetask::imager::advise() 	Advising image properties
2018-03-15 02:13:40	INFO	pipeline.infrastructure.basetask::imager::advise() 	Maximum uv distance = 1.07942e+06 wavelengths
2018-03-15 02:13:40	INFO	pipeline.infrastructure.basetask::imager::advise() +	Recommended cell size < 0.0955444 arcsec
2018-03-15 02:13:40	INFO	pipeline.infrastructure.basetask::imager::advise() 	Recommended number of pixels = 512
2018-03-15 02:13:40	INFO	pipeline.infrastructure.basetask::imager::advise() +	Dispersion in uv, w distance = 378858, 132206 wavelengths
2018-03-15 02:13:40	INFO	pipeline.infrastructure.basetask::imager::advise() +	Best fitting plane is w = -0.229254 * u + 0.428694 * v
2018-03-15 02:13:40	INFO	pipeline.infrastructure.basetask::imager::advise() +	Dispersion in fitted w = 22406.6 wavelengths
2018-03-15 02:13:40	INFO	pipeline.infrastructure.basetask::imager::advise() +	Wide field cleaning is not necessary
2018-03-15 02:13:40	INFO	pipeline.infrastructure.basetask::imager::setDataOnThisMS()	Performing selection on MeasurementSet : /opt/dared/opt/c5r1/mnt/dataproc/2016.1.00023.S_2018_03_09T13_37_06.344/SOUS_uid___A001_X87d_X495/GOUS_uid___A001_X87d_X496/MOUS_uid___A001_X87d_X497/working/uid___A002_Xc96f17_X113a_target.ms
2018-03-15 02:13:40	INFO	pipeline.infrastructure.basetask::imager::setDataOnThisMS()	Selecting on fields : NGC1068
2018-03-15 02:13:40	INFO	pipeline.infrastructure.basetask::imager::setDataOnThisMS()	Selecting on spectral windows expression :22
2018-03-15 02:13:40	INFO	pipeline.infrastructure.basetask::imager::setDataOnThisMS()	Selecting on scan : 7,9,11,13,14,18,20,22,24,25,29
2018-03-15 02:13:40	INFO	pipeline.infrastructure.basetask::imager::setDataOnThisMS()	Selected 463540 out of  1390620 rows.
2018-03-15 02:13:40	INFO	pipeline.infrastructure.basetask::imager::setDataOnThisMS()	Selected : [3840 chans in spw 22]
2018-03-15 02:13:40	INFO	pipeline.infrastructure.basetask::imager::advise() 	Advising image properties
2018-03-15 02:14:20	INFO	pipeline.infrastructure.basetask::imager::advise() 	Maximum uv distance = 1.05596e+06 wavelengths
2018-03-15 02:14:20	INFO	pipeline.infrastructure.basetask::imager::advise() +	Recommended cell size < 0.0976666 arcsec
2018-03-15 02:14:20	INFO	pipeline.infrastructure.basetask::imager::advise() 	Recommended number of pixels = 500
2018-03-15 02:14:20	INFO	pipeline.infrastructure.basetask::imager::advise() +	Dispersion in uv, w distance = 375170, 162169 wavelengths
2018-03-15 02:14:20	INFO	pipeline.infrastructure.basetask::imager::advise() +	Best fitting plane is w = -0.457861 * u + 0.459309 * v
2018-03-15 02:14:20	INFO	pipeline.infrastructure.basetask::imager::advise() +	Dispersion in fitted w = 23708.7 wavelengths
2018-03-15 02:14:20	INFO	pipeline.infrastructure.basetask::imager::advise() +	Wide field cleaning is not necessary
2018-03-15 02:14:20	INFO	pipeline.infrastructure.basetask::imager::setDataOnThisMS()	Performing selection on MeasurementSet : /opt/dared/opt/c5r1/mnt/dataproc/2016.1.00023.S_2018_03_09T13_37_06.344/SOUS_uid___A001_X87d_X495/GOUS_uid___A001_X87d_X496/MOUS_uid___A001_X87d_X497/working/uid___A002_Xc27dd7_X2fc3_target.ms
2018-03-15 02:14:20	INFO	pipeline.infrastructure.basetask::imager::setDataOnThisMS()	Selecting on fields : NGC1068
2018-03-15 02:14:20	INFO	pipeline.infrastructure.basetask::imager::setDataOnThisMS()	Selecting on spectral windows expression :24
2018-03-15 02:14:20	INFO	pipeline.infrastructure.basetask::imager::setDataOnThisMS()	Selecting on scan : 11,13,16,18,22,24,27,29,33
2018-03-15 02:14:20	INFO	pipeline.infrastructure.basetask::imager::setDataOnThisMS()	Selected 529690 out of  1589070 rows.
2018-03-15 02:14:20	INFO	pipeline.infrastructure.basetask::imager::setDataOnThisMS()	Selected : [3840 chans in spw 24]
2018-03-15 02:14:20	INFO	pipeline.infrastructure.basetask::imager::advise() 	Advising image properties
2018-03-15 02:15:10	INFO	pipeline.infrastructure.basetask::imager::advise() 	Maximum uv distance = 2.08105e+06 wavelengths
2018-03-15 02:15:10	INFO	pipeline.infrastructure.basetask::imager::advise() +	Recommended cell size < 0.0495578 arcsec
2018-03-15 02:15:10	INFO	pipeline.infrastructure.basetask::imager::advise() 	Recommended number of pixels = 1000
2018-03-15 02:15:10	INFO	pipeline.infrastructure.basetask::imager::advise() +	Dispersion in uv, w distance = 718006, 218828 wavelengths
2018-03-15 02:15:10	INFO	pipeline.infrastructure.basetask::imager::advise() +	Best fitting plane is w = -0.0291501 * u + 0.416196 * v
2018-03-15 02:15:10	INFO	pipeline.infrastructure.basetask::imager::advise() +	Dispersion in fitted w = 40862.4 wavelengths
2018-03-15 02:15:10	INFO	pipeline.infrastructure.basetask::imager::advise() +	Wide field cleaning is not necessary
2018-03-15 02:15:10	INFO	pipeline.infrastructure.basetask::imager::setDataOnThisMS()	Performing selection on MeasurementSet : /opt/dared/opt/c5r1/mnt/dataproc/2016.1.00023.S_2018_03_09T13_37_06.344/SOUS_uid___A001_X87d_X495/GOUS_uid___A001_X87d_X496/MOUS_uid___A001_X87d_X497/working/uid___A002_Xc27dd7_X6983_target.ms
2018-03-15 02:15:10	INFO	pipeline.infrastructure.basetask::imager::setDataOnThisMS()	Selecting on fields : NGC1068
2018-03-15 02:15:10	INFO	pipeline.infrastructure.basetask::imager::setDataOnThisMS()	Selecting on spectral windows expression :24
2018-03-15 02:15:10	INFO	pipeline.infrastructure.basetask::imager::setDataOnThisMS()	Selecting on scan : 9,11,14,16,20,22,25,27,31
2018-03-15 02:15:10	INFO	pipeline.infrastructure.basetask::imager::setDataOnThisMS()	Selected 485100 out of  1455300 rows.
2018-03-15 02:15:10	INFO	pipeline.infrastructure.basetask::imager::setDataOnThisMS()	Selected : [3840 chans in spw 24]
2018-03-15 02:15:11	INFO	pipeline.infrastructure.basetask::imager::advise() 	Advising image properties
2018-03-15 02:15:57	INFO	pipeline.infrastructure.basetask::imager::advise() 	Maximum uv distance = 2.8742e+06 wavelengths
2018-03-15 02:15:57	INFO	pipeline.infrastructure.basetask::imager::advise() +	Recommended cell size < 0.0358821 arcsec
2018-03-15 02:15:57	INFO	pipeline.infrastructure.basetask::imager::advise() 	Recommended number of pixels = 1440
2018-03-15 02:15:57	INFO	pipeline.infrastructure.basetask::imager::advise() +	Dispersion in uv, w distance = 831707, 336923 wavelengths
2018-03-15 02:15:57	INFO	pipeline.infrastructure.basetask::imager::advise() +	Best fitting plane is w = 0.39963 * u + 0.453296 * v
2018-03-15 02:15:57	INFO	pipeline.infrastructure.basetask::imager::advise() +	Dispersion in fitted w = 45473.6 wavelengths
2018-03-15 02:15:57	INFO	pipeline.infrastructure.basetask::imager::advise() +	Wide field cleaning is not necessary
2018-03-15 02:15:57	INFO	pipeline.infrastructure.basetask::imager::setDataOnThisMS()	Performing selection on MeasurementSet : /opt/dared/opt/c5r1/mnt/dataproc/2016.1.00023.S_2018_03_09T13_37_06.344/SOUS_uid___A001_X87d_X495/GOUS_uid___A001_X87d_X496/MOUS_uid___A001_X87d_X497/working/uid___A002_Xc27dd7_X6c8e_target.ms
2018-03-15 02:15:57	INFO	pipeline.infrastructure.basetask::imager::setDataOnThisMS()	Selecting on fields : NGC1068
2018-03-15 02:15:57	INFO	pipeline.infrastructure.basetask::imager::setDataOnThisMS()	Selecting on spectral windows expression :24
2018-03-15 02:15:57	INFO	pipeline.infrastructure.basetask::imager::setDataOnThisMS()	Selecting on scan : 11,13,16,18,22,24,27,29
2018-03-15 02:15:57	INFO	pipeline.infrastructure.basetask::imager::setDataOnThisMS()	Selected 425700 out of  1277100 rows.
2018-03-15 02:15:57	INFO	pipeline.infrastructure.basetask::imager::setDataOnThisMS()	Selected : [3840 chans in spw 24]
2018-03-15 02:15:57	INFO	pipeline.infrastructure.basetask::imager::advise() 	Advising image properties
2018-03-15 02:16:39	INFO	pipeline.infrastructure.basetask::imager::advise() 	Maximum uv distance = 2.87451e+06 wavelengths
2018-03-15 02:16:39	INFO	pipeline.infrastructure.basetask::imager::advise() +	Recommended cell size < 0.0358783 arcsec
2018-03-15 02:16:39	INFO	pipeline.infrastructure.basetask::imager::advise() 	Recommended number of pixels = 1440
2018-03-15 02:16:39	INFO	pipeline.infrastructure.basetask::imager::advise() +	Dispersion in uv, w distance = 848988, 290141 wavelengths
2018-03-15 02:16:39	INFO	pipeline.infrastructure.basetask::imager::advise() +	Best fitting plane is w = 0.0325299 * u + 0.42108 * v
2018-03-15 02:16:39	INFO	pipeline.infrastructure.basetask::imager::advise() +	Dispersion in fitted w = 36685.1 wavelengths
2018-03-15 02:16:39	INFO	pipeline.infrastructure.basetask::imager::advise() +	Wide field cleaning is not necessary
2018-03-15 02:16:39	INFO	pipeline.infrastructure.basetask::imager::setDataOnThisMS()	Performing selection on MeasurementSet : /opt/dared/opt/c5r1/mnt/dataproc/2016.1.00023.S_2018_03_09T13_37_06.344/SOUS_uid___A001_X87d_X495/GOUS_uid___A001_X87d_X496/MOUS_uid___A001_X87d_X497/working/uid___A002_Xc2b007_X877_target.ms
2018-03-15 02:16:39	INFO	pipeline.infrastructure.basetask::imager::setDataOnThisMS()	Selecting on fields : NGC1068
2018-03-15 02:16:39	INFO	pipeline.infrastructure.basetask::imager::setDataOnThisMS()	Selecting on spectral windows expression :24
2018-03-15 02:16:39	INFO	pipeline.infrastructure.basetask::imager::setDataOnThisMS()	Selecting on scan : 9,11,14,16,20,22,25,27,31
2018-03-15 02:16:39	INFO	pipeline.infrastructure.basetask::imager::setDataOnThisMS()	Selected 485100 out of  1455300 rows.
2018-03-15 02:16:39	INFO	pipeline.infrastructure.basetask::imager::setDataOnThisMS()	Selected : [3840 chans in spw 24]
2018-03-15 02:16:39	INFO	pipeline.infrastructure.basetask::imager::advise() 	Advising image properties
2018-03-15 02:17:26	INFO	pipeline.infrastructure.basetask::imager::advise() 	Maximum uv distance = 2.87416e+06 wavelengths
2018-03-15 02:17:26	INFO	pipeline.infrastructure.basetask::imager::advise() +	Recommended cell size < 0.0358826 arcsec
2018-03-15 02:17:26	INFO	pipeline.infrastructure.basetask::imager::advise() 	Recommended number of pixels = 1440
2018-03-15 02:17:26	INFO	pipeline.infrastructure.basetask::imager::advise() +	Dispersion in uv, w distance = 892769, 363681 wavelengths
2018-03-15 02:17:26	INFO	pipeline.infrastructure.basetask::imager::advise() +	Best fitting plane is w = 0.501811 * u + 0.466003 * v
2018-03-15 02:17:26	INFO	pipeline.infrastructure.basetask::imager::advise() +	Dispersion in fitted w = 52859.4 wavelengths
2018-03-15 02:17:26	INFO	pipeline.infrastructure.basetask::imager::advise() +	Wide field cleaning is not necessary
2018-03-15 02:17:26	INFO	pipeline.infrastructure.basetask::imager::setDataOnThisMS()	Performing selection on MeasurementSet : /opt/dared/opt/c5r1/mnt/dataproc/2016.1.00023.S_2018_03_09T13_37_06.344/SOUS_uid___A001_X87d_X495/GOUS_uid___A001_X87d_X496/MOUS_uid___A001_X87d_X497/working/uid___A002_Xc8592e_Xaea3_target.ms
2018-03-15 02:17:26	INFO	pipeline.infrastructure.basetask::imager::setDataOnThisMS()	Selecting on fields : NGC1068
2018-03-15 02:17:26	INFO	pipeline.infrastructure.basetask::imager::setDataOnThisMS()	Selecting on spectral windows expression :24
2018-03-15 02:17:26	INFO	pipeline.infrastructure.basetask::imager::setDataOnThisMS()	Selecting on scan : 7,9,11,13,14,18,20,22,24,25,29
2018-03-15 02:17:26	INFO	pipeline.infrastructure.basetask::imager::setDataOnThisMS()	Selected 529690 out of  1589070 rows.
2018-03-15 02:17:26	INFO	pipeline.infrastructure.basetask::imager::setDataOnThisMS()	Selected : [3840 chans in spw 24]
2018-03-15 02:17:26	INFO	pipeline.infrastructure.basetask::imager::advise() 	Advising image properties
2018-03-15 02:18:17	INFO	pipeline.infrastructure.basetask::imager::advise() 	Maximum uv distance = 1.87662e+06 wavelengths
2018-03-15 02:18:17	INFO	pipeline.infrastructure.basetask::imager::advise() +	Recommended cell size < 0.0549565 arcsec
2018-03-15 02:18:17	INFO	pipeline.infrastructure.basetask::imager::advise() 	Recommended number of pixels = 900
2018-03-15 02:18:17	INFO	pipeline.infrastructure.basetask::imager::advise() +	Dispersion in uv, w distance = 683647, 257019 wavelengths
2018-03-15 02:18:17	INFO	pipeline.infrastructure.basetask::imager::advise() +	Best fitting plane is w = -0.354891 * u + 0.443161 * v
2018-03-15 02:18:17	INFO	pipeline.infrastructure.basetask::imager::advise() +	Dispersion in fitted w = 39072 wavelengths
2018-03-15 02:18:17	INFO	pipeline.infrastructure.basetask::imager::advise() +	Wide field cleaning is not necessary
2018-03-15 02:18:17	INFO	pipeline.infrastructure.basetask::imager::setDataOnThisMS()	Performing selection on MeasurementSet : /opt/dared/opt/c5r1/mnt/dataproc/2016.1.00023.S_2018_03_09T13_37_06.344/SOUS_uid___A001_X87d_X495/GOUS_uid___A001_X87d_X496/MOUS_uid___A001_X87d_X497/working/uid___A002_Xc89480_X8c7d_target.ms
2018-03-15 02:18:17	INFO	pipeline.infrastructure.basetask::imager::setDataOnThisMS()	Selecting on fields : NGC1068
2018-03-15 02:18:17	INFO	pipeline.infrastructure.basetask::imager::setDataOnThisMS()	Selecting on spectral windows expression :24
2018-03-15 02:18:17	INFO	pipeline.infrastructure.basetask::imager::setDataOnThisMS()	Selecting on scan : 7,9,11,13,14,18,20,22,24,25,29
2018-03-15 02:18:17	INFO	pipeline.infrastructure.basetask::imager::setDataOnThisMS()	Selected 529690 out of  1589070 rows.
2018-03-15 02:18:17	INFO	pipeline.infrastructure.basetask::imager::setDataOnThisMS()	Selected : [3840 chans in spw 24]
2018-03-15 02:18:17	INFO	pipeline.infrastructure.basetask::imager::advise() 	Advising image properties
2018-03-15 02:19:05	INFO	pipeline.infrastructure.basetask::imager::advise() 	Maximum uv distance = 1.86064e+06 wavelengths
2018-03-15 02:19:05	INFO	pipeline.infrastructure.basetask::imager::advise() +	Recommended cell size < 0.0554286 arcsec
2018-03-15 02:19:05	INFO	pipeline.infrastructure.basetask::imager::advise() 	Recommended number of pixels = 900
2018-03-15 02:19:05	INFO	pipeline.infrastructure.basetask::imager::advise() +	Dispersion in uv, w distance = 675154, 258894 wavelengths
2018-03-15 02:19:05	INFO	pipeline.infrastructure.basetask::imager::advise() +	Best fitting plane is w = -0.402626 * u + 0.44952 * v
2018-03-15 02:19:05	INFO	pipeline.infrastructure.basetask::imager::advise() +	Dispersion in fitted w = 40161.4 wavelengths
2018-03-15 02:19:05	INFO	pipeline.infrastructure.basetask::imager::advise() +	Wide field cleaning is not necessary
2018-03-15 02:19:06	INFO	pipeline.infrastructure.basetask::imager::setDataOnThisMS()	Performing selection on MeasurementSet : /opt/dared/opt/c5r1/mnt/dataproc/2016.1.00023.S_2018_03_09T13_37_06.344/SOUS_uid___A001_X87d_X495/GOUS_uid___A001_X87d_X496/MOUS_uid___A001_X87d_X497/working/uid___A002_Xc96463_X1646_target.ms
2018-03-15 02:19:06	INFO	pipeline.infrastructure.basetask::imager::setDataOnThisMS()	Selecting on fields : NGC1068
2018-03-15 02:19:06	INFO	pipeline.infrastructure.basetask::imager::setDataOnThisMS()	Selecting on spectral windows expression :24
2018-03-15 02:19:06	INFO	pipeline.infrastructure.basetask::imager::setDataOnThisMS()	Selecting on scan : 7,9,11,13,14,18,20,22,24,25,29
2018-03-15 02:19:06	INFO	pipeline.infrastructure.basetask::imager::setDataOnThisMS()	Selected 507150 out of  1521450 rows.
2018-03-15 02:19:06	INFO	pipeline.infrastructure.basetask::imager::setDataOnThisMS()	Selected : [3840 chans in spw 24]
2018-03-15 02:19:06	INFO	pipeline.infrastructure.basetask::imager::advise() 	Advising image properties
2018-03-15 02:19:51	INFO	pipeline.infrastructure.basetask::imager::advise() 	Maximum uv distance = 1.0732e+06 wavelengths
2018-03-15 02:19:51	INFO	pipeline.infrastructure.basetask::imager::advise() +	Recommended cell size < 0.096098 arcsec
2018-03-15 02:19:51	INFO	pipeline.infrastructure.basetask::imager::advise() 	Recommended number of pixels = 512
2018-03-15 02:19:51	INFO	pipeline.infrastructure.basetask::imager::advise() +	Dispersion in uv, w distance = 378996, 132347 wavelengths
2018-03-15 02:19:51	INFO	pipeline.infrastructure.basetask::imager::advise() +	Best fitting plane is w = -0.228805 * u + 0.428788 * v
2018-03-15 02:19:51	INFO	pipeline.infrastructure.basetask::imager::advise() +	Dispersion in fitted w = 22467.5 wavelengths
2018-03-15 02:19:51	INFO	pipeline.infrastructure.basetask::imager::advise() +	Wide field cleaning is not necessary
2018-03-15 02:19:51	INFO	pipeline.infrastructure.basetask::imager::setDataOnThisMS()	Performing selection on MeasurementSet : /opt/dared/opt/c5r1/mnt/dataproc/2016.1.00023.S_2018_03_09T13_37_06.344/SOUS_uid___A001_X87d_X495/GOUS_uid___A001_X87d_X496/MOUS_uid___A001_X87d_X497/working/uid___A002_Xc96f17_X113a_target.ms
2018-03-15 02:19:51	INFO	pipeline.infrastructure.basetask::imager::setDataOnThisMS()	Selecting on fields : NGC1068
2018-03-15 02:19:51	INFO	pipeline.infrastructure.basetask::imager::setDataOnThisMS()	Selecting on spectral windows expression :24
2018-03-15 02:19:51	INFO	pipeline.infrastructure.basetask::imager::setDataOnThisMS()	Selecting on scan : 7,9,11,13,14,18,20,22,24,25,29
2018-03-15 02:19:51	INFO	pipeline.infrastructure.basetask::imager::setDataOnThisMS()	Selected 463540 out of  1390620 rows.
2018-03-15 02:19:51	INFO	pipeline.infrastructure.basetask::imager::setDataOnThisMS()	Selected : [3840 chans in spw 24]
2018-03-15 02:19:51	INFO	pipeline.infrastructure.basetask::imager::advise() 	Advising image properties
2018-03-15 02:20:31	INFO	pipeline.infrastructure.basetask::imager::advise() 	Maximum uv distance = 1.04988e+06 wavelengths
2018-03-15 02:20:31	INFO	pipeline.infrastructure.basetask::imager::advise() +	Recommended cell size < 0.0982325 arcsec
2018-03-15 02:20:31	INFO	pipeline.infrastructure.basetask::imager::advise() 	Recommended number of pixels = 500
2018-03-15 02:20:31	INFO	pipeline.infrastructure.basetask::imager::advise() +	Dispersion in uv, w distance = 371830, 160018 wavelengths
2018-03-15 02:20:31	INFO	pipeline.infrastructure.basetask::imager::advise() +	Best fitting plane is w = -0.456427 * u + 0.459019 * v
2018-03-15 02:20:31	INFO	pipeline.infrastructure.basetask::imager::advise() +	Dispersion in fitted w = 23513 wavelengths
2018-03-15 02:20:31	INFO	pipeline.infrastructure.basetask::imager::advise() +	Wide field cleaning is not necessary
2018-03-15 02:20:31	INFO	pipeline.infrastructure.basetask::imager::setDataOnThisMS()	Performing selection on MeasurementSet : /opt/dared/opt/c5r1/mnt/dataproc/2016.1.00023.S_2018_03_09T13_37_06.344/SOUS_uid___A001_X87d_X495/GOUS_uid___A001_X87d_X496/MOUS_uid___A001_X87d_X497/working/uid___A002_Xc27dd7_X2fc3_target.ms
2018-03-15 02:20:31	INFO	pipeline.infrastructure.basetask::imager::setDataOnThisMS()	Selecting on fields : NGC1068
2018-03-15 02:20:31	INFO	pipeline.infrastructure.basetask::imager::setDataOnThisMS()	Selecting on spectral windows expression :26
2018-03-15 02:20:31	INFO	pipeline.infrastructure.basetask::imager::setDataOnThisMS()	Selecting on scan : 11,13,16,18,22,24,27,29,33
2018-03-15 02:20:31	INFO	pipeline.infrastructure.basetask::imager::setDataOnThisMS()	Selected 529690 out of  1589070 rows.
2018-03-15 02:20:31	INFO	pipeline.infrastructure.basetask::imager::setDataOnThisMS()	Selected : [3840 chans in spw 26]
2018-03-15 02:20:31	INFO	pipeline.infrastructure.basetask::imager::advise() 	Advising image properties
2018-03-15 02:21:21	INFO	pipeline.infrastructure.basetask::imager::advise() 	Maximum uv distance = 1.96841e+06 wavelengths
2018-03-15 02:21:21	INFO	pipeline.infrastructure.basetask::imager::advise() +	Recommended cell size < 0.0523938 arcsec
2018-03-15 02:21:21	INFO	pipeline.infrastructure.basetask::imager::advise() 	Recommended number of pixels = 1000
2018-03-15 02:21:21	INFO	pipeline.infrastructure.basetask::imager::advise() +	Dispersion in uv, w distance = 680345, 207409 wavelengths
2018-03-15 02:21:21	INFO	pipeline.infrastructure.basetask::imager::advise() +	Best fitting plane is w = -0.0290027 * u + 0.416352 * v
2018-03-15 02:21:21	INFO	pipeline.infrastructure.basetask::imager::advise() +	Dispersion in fitted w = 38693.4 wavelengths
2018-03-15 02:21:21	INFO	pipeline.infrastructure.basetask::imager::advise() +	Wide field cleaning is not necessary
2018-03-15 02:21:21	INFO	pipeline.infrastructure.basetask::imager::setDataOnThisMS()	Performing selection on MeasurementSet : /opt/dared/opt/c5r1/mnt/dataproc/2016.1.00023.S_2018_03_09T13_37_06.344/SOUS_uid___A001_X87d_X495/GOUS_uid___A001_X87d_X496/MOUS_uid___A001_X87d_X497/working/uid___A002_Xc27dd7_X6983_target.ms
2018-03-15 02:21:21	INFO	pipeline.infrastructure.basetask::imager::setDataOnThisMS()	Selecting on fields : NGC1068
2018-03-15 02:21:21	INFO	pipeline.infrastructure.basetask::imager::setDataOnThisMS()	Selecting on spectral windows expression :26
2018-03-15 02:21:21	INFO	pipeline.infrastructure.basetask::imager::setDataOnThisMS()	Selecting on scan : 9,11,14,16,20,22,25,27,31
2018-03-15 02:21:21	INFO	pipeline.infrastructure.basetask::imager::setDataOnThisMS()	Selected 485100 out of  1455300 rows.
2018-03-15 02:21:21	INFO	pipeline.infrastructure.basetask::imager::setDataOnThisMS()	Selected : [3840 chans in spw 26]
2018-03-15 02:21:21	INFO	pipeline.infrastructure.basetask::imager::advise() 	Advising image properties
2018-03-15 02:22:08	INFO	pipeline.infrastructure.basetask::imager::advise() 	Maximum uv distance = 2.71863e+06 wavelengths
2018-03-15 02:22:08	INFO	pipeline.infrastructure.basetask::imager::advise() +	Recommended cell size < 0.0379355 arcsec
2018-03-15 02:22:08	INFO	pipeline.infrastructure.basetask::imager::advise() 	Recommended number of pixels = 1440
2018-03-15 02:22:08	INFO	pipeline.infrastructure.basetask::imager::advise() +	Dispersion in uv, w distance = 784742, 317769 wavelengths
2018-03-15 02:22:08	INFO	pipeline.infrastructure.basetask::imager::advise() +	Best fitting plane is w = 0.399472 * u + 0.452991 * v
2018-03-15 02:22:08	INFO	pipeline.infrastructure.basetask::imager::advise() +	Dispersion in fitted w = 43114.4 wavelengths
2018-03-15 02:22:08	INFO	pipeline.infrastructure.basetask::imager::advise() +	Wide field cleaning is not necessary
2018-03-15 02:22:08	INFO	pipeline.infrastructure.basetask::imager::setDataOnThisMS()	Performing selection on MeasurementSet : /opt/dared/opt/c5r1/mnt/dataproc/2016.1.00023.S_2018_03_09T13_37_06.344/SOUS_uid___A001_X87d_X495/GOUS_uid___A001_X87d_X496/MOUS_uid___A001_X87d_X497/working/uid___A002_Xc27dd7_X6c8e_target.ms
2018-03-15 02:22:08	INFO	pipeline.infrastructure.basetask::imager::setDataOnThisMS()	Selecting on fields : NGC1068
2018-03-15 02:22:08	INFO	pipeline.infrastructure.basetask::imager::setDataOnThisMS()	Selecting on spectral windows expression :26
2018-03-15 02:22:08	INFO	pipeline.infrastructure.basetask::imager::setDataOnThisMS()	Selecting on scan : 11,13,16,18,22,24,27,29
2018-03-15 02:22:08	INFO	pipeline.infrastructure.basetask::imager::setDataOnThisMS()	Selected 425700 out of  1277100 rows.
2018-03-15 02:22:08	INFO	pipeline.infrastructure.basetask::imager::setDataOnThisMS()	Selected : [3840 chans in spw 26]
2018-03-15 02:22:08	INFO	pipeline.infrastructure.basetask::imager::advise() 	Advising image properties
2018-03-15 02:22:51	INFO	pipeline.infrastructure.basetask::imager::advise() 	Maximum uv distance = 2.71891e+06 wavelengths
2018-03-15 02:22:51	INFO	pipeline.infrastructure.basetask::imager::advise() +	Recommended cell size < 0.0379315 arcsec
2018-03-15 02:22:51	INFO	pipeline.infrastructure.basetask::imager::advise() 	Recommended number of pixels = 1440
2018-03-15 02:22:51	INFO	pipeline.infrastructure.basetask::imager::advise() +	Dispersion in uv, w distance = 794295, 271052 wavelengths
2018-03-15 02:22:51	INFO	pipeline.infrastructure.basetask::imager::advise() +	Best fitting plane is w = 0.0324265 * u + 0.420941 * v
2018-03-15 02:22:51	INFO	pipeline.infrastructure.basetask::imager::advise() +	Dispersion in fitted w = 34413.1 wavelengths
2018-03-15 02:22:51	INFO	pipeline.infrastructure.basetask::imager::advise() +	Wide field cleaning is not necessary
2018-03-15 02:22:51	INFO	pipeline.infrastructure.basetask::imager::setDataOnThisMS()	Performing selection on MeasurementSet : /opt/dared/opt/c5r1/mnt/dataproc/2016.1.00023.S_2018_03_09T13_37_06.344/SOUS_uid___A001_X87d_X495/GOUS_uid___A001_X87d_X496/MOUS_uid___A001_X87d_X497/working/uid___A002_Xc2b007_X877_target.ms
2018-03-15 02:22:51	INFO	pipeline.infrastructure.basetask::imager::setDataOnThisMS()	Selecting on fields : NGC1068
2018-03-15 02:22:51	INFO	pipeline.infrastructure.basetask::imager::setDataOnThisMS()	Selecting on spectral windows expression :26
2018-03-15 02:22:51	INFO	pipeline.infrastructure.basetask::imager::setDataOnThisMS()	Selecting on scan : 9,11,14,16,20,22,25,27,31
2018-03-15 02:22:51	INFO	pipeline.infrastructure.basetask::imager::setDataOnThisMS()	Selected 485100 out of  1455300 rows.
2018-03-15 02:22:51	INFO	pipeline.infrastructure.basetask::imager::setDataOnThisMS()	Selected : [3840 chans in spw 26]
2018-03-15 02:22:51	INFO	pipeline.infrastructure.basetask::imager::advise() 	Advising image properties
2018-03-15 02:23:38	INFO	pipeline.infrastructure.basetask::imager::advise() 	Maximum uv distance = 2.71858e+06 wavelengths
2018-03-15 02:23:38	INFO	pipeline.infrastructure.basetask::imager::advise() +	Recommended cell size < 0.0379361 arcsec
2018-03-15 02:23:38	INFO	pipeline.infrastructure.basetask::imager::advise() 	Recommended number of pixels = 1440
2018-03-15 02:23:38	INFO	pipeline.infrastructure.basetask::imager::advise() +	Dispersion in uv, w distance = 841872, 342962 wavelengths
2018-03-15 02:23:38	INFO	pipeline.infrastructure.basetask::imager::advise() +	Best fitting plane is w = 0.501592 * u + 0.465788 * v
2018-03-15 02:23:38	INFO	pipeline.infrastructure.basetask::imager::advise() +	Dispersion in fitted w = 50040 wavelengths
2018-03-15 02:23:38	INFO	pipeline.infrastructure.basetask::imager::advise() +	Wide field cleaning is not necessary
2018-03-15 02:23:38	INFO	pipeline.infrastructure.basetask::imager::setDataOnThisMS()	Performing selection on MeasurementSet : /opt/dared/opt/c5r1/mnt/dataproc/2016.1.00023.S_2018_03_09T13_37_06.344/SOUS_uid___A001_X87d_X495/GOUS_uid___A001_X87d_X496/MOUS_uid___A001_X87d_X497/working/uid___A002_Xc8592e_Xaea3_target.ms
2018-03-15 02:23:38	INFO	pipeline.infrastructure.basetask::imager::setDataOnThisMS()	Selecting on fields : NGC1068
2018-03-15 02:23:38	INFO	pipeline.infrastructure.basetask::imager::setDataOnThisMS()	Selecting on spectral windows expression :26
2018-03-15 02:23:38	INFO	pipeline.infrastructure.basetask::imager::setDataOnThisMS()	Selecting on scan : 7,9,11,13,14,18,20,22,24,25,29
2018-03-15 02:23:38	INFO	pipeline.infrastructure.basetask::imager::setDataOnThisMS()	Selected 529690 out of  1589070 rows.
2018-03-15 02:23:38	INFO	pipeline.infrastructure.basetask::imager::setDataOnThisMS()	Selected : [3840 chans in spw 26]
2018-03-15 02:23:39	INFO	pipeline.infrastructure.basetask::imager::advise() 	Advising image properties
2018-03-15 02:24:31	INFO	pipeline.infrastructure.basetask::imager::advise() 	Maximum uv distance = 1.77503e+06 wavelengths
2018-03-15 02:24:31	INFO	pipeline.infrastructure.basetask::imager::advise() +	Recommended cell size < 0.0581019 arcsec
2018-03-15 02:24:31	INFO	pipeline.infrastructure.basetask::imager::advise() 	Recommended number of pixels = 900
2018-03-15 02:24:31	INFO	pipeline.infrastructure.basetask::imager::advise() +	Dispersion in uv, w distance = 640067, 240245 wavelengths
2018-03-15 02:24:31	INFO	pipeline.infrastructure.basetask::imager::advise() +	Best fitting plane is w = -0.355182 * u + 0.443322 * v
2018-03-15 02:24:31	INFO	pipeline.infrastructure.basetask::imager::advise() +	Dispersion in fitted w = 36563.4 wavelengths
2018-03-15 02:24:31	INFO	pipeline.infrastructure.basetask::imager::advise() +	Wide field cleaning is not necessary
2018-03-15 02:24:31	INFO	pipeline.infrastructure.basetask::imager::setDataOnThisMS()	Performing selection on MeasurementSet : /opt/dared/opt/c5r1/mnt/dataproc/2016.1.00023.S_2018_03_09T13_37_06.344/SOUS_uid___A001_X87d_X495/GOUS_uid___A001_X87d_X496/MOUS_uid___A001_X87d_X497/working/uid___A002_Xc89480_X8c7d_target.ms
2018-03-15 02:24:31	INFO	pipeline.infrastructure.basetask::imager::setDataOnThisMS()	Selecting on fields : NGC1068
2018-03-15 02:24:31	INFO	pipeline.infrastructure.basetask::imager::setDataOnThisMS()	Selecting on spectral windows expression :26
2018-03-15 02:24:31	INFO	pipeline.infrastructure.basetask::imager::setDataOnThisMS()	Selecting on scan : 7,9,11,13,14,18,20,22,24,25,29
2018-03-15 02:24:31	INFO	pipeline.infrastructure.basetask::imager::setDataOnThisMS()	Selected 529690 out of  1589070 rows.
2018-03-15 02:24:31	INFO	pipeline.infrastructure.basetask::imager::setDataOnThisMS()	Selected : [3840 chans in spw 26]
2018-03-15 02:24:32	INFO	pipeline.infrastructure.basetask::imager::advise() 	Advising image properties
2018-03-15 02:25:22	INFO	pipeline.infrastructure.basetask::imager::advise() 	Maximum uv distance = 1.75991e+06 wavelengths
2018-03-15 02:25:22	INFO	pipeline.infrastructure.basetask::imager::advise() +	Recommended cell size < 0.058601 arcsec
2018-03-15 02:25:22	INFO	pipeline.infrastructure.basetask::imager::advise() 	Recommended number of pixels = 900
2018-03-15 02:25:22	INFO	pipeline.infrastructure.basetask::imager::advise() +	Dispersion in uv, w distance = 630633, 241137 wavelengths
2018-03-15 02:25:22	INFO	pipeline.infrastructure.basetask::imager::advise() +	Best fitting plane is w = -0.402352 * u + 0.449506 * v
2018-03-15 02:25:22	INFO	pipeline.infrastructure.basetask::imager::advise() +	Dispersion in fitted w = 37435.9 wavelengths
2018-03-15 02:25:22	INFO	pipeline.infrastructure.basetask::imager::advise() +	Wide field cleaning is not necessary
2018-03-15 02:25:22	INFO	pipeline.infrastructure.basetask::imager::setDataOnThisMS()	Performing selection on MeasurementSet : /opt/dared/opt/c5r1/mnt/dataproc/2016.1.00023.S_2018_03_09T13_37_06.344/SOUS_uid___A001_X87d_X495/GOUS_uid___A001_X87d_X496/MOUS_uid___A001_X87d_X497/working/uid___A002_Xc96463_X1646_target.ms
2018-03-15 02:25:22	INFO	pipeline.infrastructure.basetask::imager::setDataOnThisMS()	Selecting on fields : NGC1068
2018-03-15 02:25:22	INFO	pipeline.infrastructure.basetask::imager::setDataOnThisMS()	Selecting on spectral windows expression :26
2018-03-15 02:25:22	INFO	pipeline.infrastructure.basetask::imager::setDataOnThisMS()	Selecting on scan : 7,9,11,13,14,18,20,22,24,25,29
2018-03-15 02:25:22	INFO	pipeline.infrastructure.basetask::imager::setDataOnThisMS()	Selected 507150 out of  1521450 rows.
2018-03-15 02:25:22	INFO	pipeline.infrastructure.basetask::imager::setDataOnThisMS()	Selected : [3840 chans in spw 26]
2018-03-15 02:25:22	INFO	pipeline.infrastructure.basetask::imager::advise() 	Advising image properties
2018-03-15 02:26:09	INFO	pipeline.infrastructure.basetask::imager::advise() 	Maximum uv distance = 1.0151e+06 wavelengths
2018-03-15 02:26:09	INFO	pipeline.infrastructure.basetask::imager::advise() +	Recommended cell size < 0.101598 arcsec
2018-03-15 02:26:09	INFO	pipeline.infrastructure.basetask::imager::advise() 	Recommended number of pixels = 512
2018-03-15 02:26:09	INFO	pipeline.infrastructure.basetask::imager::advise() +	Dispersion in uv, w distance = 354321, 123472 wavelengths
2018-03-15 02:26:09	INFO	pipeline.infrastructure.basetask::imager::advise() +	Best fitting plane is w = -0.228947 * u + 0.4288 * v
2018-03-15 02:26:09	INFO	pipeline.infrastructure.basetask::imager::advise() +	Dispersion in fitted w = 20982.9 wavelengths
2018-03-15 02:26:09	INFO	pipeline.infrastructure.basetask::imager::advise() +	Wide field cleaning is not necessary
2018-03-15 02:26:09	INFO	pipeline.infrastructure.basetask::imager::setDataOnThisMS()	Performing selection on MeasurementSet : /opt/dared/opt/c5r1/mnt/dataproc/2016.1.00023.S_2018_03_09T13_37_06.344/SOUS_uid___A001_X87d_X495/GOUS_uid___A001_X87d_X496/MOUS_uid___A001_X87d_X497/working/uid___A002_Xc96f17_X113a_target.ms
2018-03-15 02:26:09	INFO	pipeline.infrastructure.basetask::imager::setDataOnThisMS()	Selecting on fields : NGC1068
2018-03-15 02:26:09	INFO	pipeline.infrastructure.basetask::imager::setDataOnThisMS()	Selecting on spectral windows expression :26
2018-03-15 02:26:09	INFO	pipeline.infrastructure.basetask::imager::setDataOnThisMS()	Selecting on scan : 7,9,11,13,14,18,20,22,24,25,29
2018-03-15 02:26:09	INFO	pipeline.infrastructure.basetask::imager::setDataOnThisMS()	Selected 463540 out of  1390620 rows.
2018-03-15 02:26:09	INFO	pipeline.infrastructure.basetask::imager::setDataOnThisMS()	Selected : [3840 chans in spw 26]
2018-03-15 02:26:09	INFO	pipeline.infrastructure.basetask::imager::advise() 	Advising image properties
2018-03-15 02:26:49	INFO	pipeline.infrastructure.basetask::imager::advise() 	Maximum uv distance = 993044 wavelengths
2018-03-15 02:26:49	INFO	pipeline.infrastructure.basetask::imager::advise() +	Recommended cell size < 0.103855 arcsec
2018-03-15 02:26:49	INFO	pipeline.infrastructure.basetask::imager::advise() 	Recommended number of pixels = 500
2018-03-15 02:26:49	INFO	pipeline.infrastructure.basetask::imager::advise() +	Dispersion in uv, w distance = 352337, 151379 wavelengths
2018-03-15 02:26:49	INFO	pipeline.infrastructure.basetask::imager::advise() +	Best fitting plane is w = -0.456714 * u + 0.459144 * v
2018-03-15 02:26:49	INFO	pipeline.infrastructure.basetask::imager::advise() +	Dispersion in fitted w = 22313.5 wavelengths
2018-03-15 02:26:49	INFO	pipeline.infrastructure.basetask::imager::advise() +	Wide field cleaning is not necessary
2018-03-15 02:26:49	INFO	pipeline.infrastructure.basetask::imager::setDataOnThisMS()	Performing selection on MeasurementSet : /opt/dared/opt/c5r1/mnt/dataproc/2016.1.00023.S_2018_03_09T13_37_06.344/SOUS_uid___A001_X87d_X495/GOUS_uid___A001_X87d_X496/MOUS_uid___A001_X87d_X497/working/uid___A002_Xc27dd7_X2fc3_target.ms
2018-03-15 02:26:49	INFO	pipeline.infrastructure.basetask::imager::setDataOnThisMS()	Selecting on fields : NGC1068
2018-03-15 02:26:49	INFO	pipeline.infrastructure.basetask::imager::setDataOnThisMS()	Selecting on spectral windows expression :24
2018-03-15 02:26:49	INFO	pipeline.infrastructure.basetask::imager::setDataOnThisMS()	Selecting on scan : 11,13,16,18,22,24,27,29,33
2018-03-15 02:26:49	INFO	pipeline.infrastructure.basetask::imager::setDataOnThisMS()	Selected 529690 out of  1589070 rows.
2018-03-15 02:26:49	INFO	pipeline.infrastructure.basetask::imager::setDataOnThisMS()	Selected : [3840 chans in spw 24]
2018-03-15 02:26:50	INFO	pipeline.infrastructure.basetask::imager::setDataOnThisMS()	Performing selection on MeasurementSet : /opt/dared/opt/c5r1/mnt/dataproc/2016.1.00023.S_2018_03_09T13_37_06.344/SOUS_uid___A001_X87d_X495/GOUS_uid___A001_X87d_X496/MOUS_uid___A001_X87d_X497/working/uid___A002_Xc27dd7_X6983_target.ms
2018-03-15 02:26:50	INFO	pipeline.infrastructure.basetask::imager::setDataOnThisMS()	Selecting on fields : NGC1068
2018-03-15 02:26:50	INFO	pipeline.infrastructure.basetask::imager::setDataOnThisMS()	Selecting on spectral windows expression :24
2018-03-15 02:26:50	INFO	pipeline.infrastructure.basetask::imager::setDataOnThisMS()	Selecting on scan : 9,11,14,16,20,22,25,27,31
2018-03-15 02:26:50	INFO	pipeline.infrastructure.basetask::imager::setDataOnThisMS()	Selected 485100 out of  1455300 rows.
2018-03-15 02:26:50	INFO	pipeline.infrastructure.basetask::imager::setDataOnThisMS()	Selected : [3840 chans in spw 24]
2018-03-15 02:26:50	INFO	pipeline.infrastructure.basetask::imager::setDataOnThisMS()	Performing selection on MeasurementSet : /opt/dared/opt/c5r1/mnt/dataproc/2016.1.00023.S_2018_03_09T13_37_06.344/SOUS_uid___A001_X87d_X495/GOUS_uid___A001_X87d_X496/MOUS_uid___A001_X87d_X497/working/uid___A002_Xc27dd7_X6c8e_target.ms
2018-03-15 02:26:50	INFO	pipeline.infrastructure.basetask::imager::setDataOnThisMS()	Selecting on fields : NGC1068
2018-03-15 02:26:50	INFO	pipeline.infrastructure.basetask::imager::setDataOnThisMS()	Selecting on spectral windows expression :24
2018-03-15 02:26:50	INFO	pipeline.infrastructure.basetask::imager::setDataOnThisMS()	Selecting on scan : 11,13,16,18,22,24,27,29
2018-03-15 02:26:50	INFO	pipeline.infrastructure.basetask::imager::setDataOnThisMS()	Selected 425700 out of  1277100 rows.
2018-03-15 02:26:50	INFO	pipeline.infrastructure.basetask::imager::setDataOnThisMS()	Selected : [3840 chans in spw 24]
2018-03-15 02:26:51	INFO	pipeline.infrastructure.basetask::imager::setDataOnThisMS()	Performing selection on MeasurementSet : /opt/dared/opt/c5r1/mnt/dataproc/2016.1.00023.S_2018_03_09T13_37_06.344/SOUS_uid___A001_X87d_X495/GOUS_uid___A001_X87d_X496/MOUS_uid___A001_X87d_X497/working/uid___A002_Xc2b007_X877_target.ms
2018-03-15 02:26:51	INFO	pipeline.infrastructure.basetask::imager::setDataOnThisMS()	Selecting on fields : NGC1068
2018-03-15 02:26:51	INFO	pipeline.infrastructure.basetask::imager::setDataOnThisMS()	Selecting on spectral windows expression :24
2018-03-15 02:26:51	INFO	pipeline.infrastructure.basetask::imager::setDataOnThisMS()	Selecting on scan : 9,11,14,16,20,22,25,27,31
2018-03-15 02:26:51	INFO	pipeline.infrastructure.basetask::imager::setDataOnThisMS()	Selected 485100 out of  1455300 rows.
2018-03-15 02:26:51	INFO	pipeline.infrastructure.basetask::imager::setDataOnThisMS()	Selected : [3840 chans in spw 24]
2018-03-15 02:26:52	INFO	pipeline.infrastructure.basetask::imager::setDataOnThisMS()	Performing selection on MeasurementSet : /opt/dared/opt/c5r1/mnt/dataproc/2016.1.00023.S_2018_03_09T13_37_06.344/SOUS_uid___A001_X87d_X495/GOUS_uid___A001_X87d_X496/MOUS_uid___A001_X87d_X497/working/uid___A002_Xc8592e_Xaea3_target.ms
2018-03-15 02:26:52	INFO	pipeline.infrastructure.basetask::imager::setDataOnThisMS()	Selecting on fields : NGC1068
2018-03-15 02:26:52	INFO	pipeline.infrastructure.basetask::imager::setDataOnThisMS()	Selecting on spectral windows expression :24
2018-03-15 02:26:52	INFO	pipeline.infrastructure.basetask::imager::setDataOnThisMS()	Selecting on scan : 7,9,11,13,14,18,20,22,24,25,29
2018-03-15 02:26:52	INFO	pipeline.infrastructure.basetask::imager::setDataOnThisMS()	Selected 529690 out of  1589070 rows.
2018-03-15 02:26:52	INFO	pipeline.infrastructure.basetask::imager::setDataOnThisMS()	Selected : [3840 chans in spw 24]
2018-03-15 02:26:53	INFO	pipeline.infrastructure.basetask::imager::setDataOnThisMS()	Performing selection on MeasurementSet : /opt/dared/opt/c5r1/mnt/dataproc/2016.1.00023.S_2018_03_09T13_37_06.344/SOUS_uid___A001_X87d_X495/GOUS_uid___A001_X87d_X496/MOUS_uid___A001_X87d_X497/working/uid___A002_Xc89480_X8c7d_target.ms
2018-03-15 02:26:53	INFO	pipeline.infrastructure.basetask::imager::setDataOnThisMS()	Selecting on fields : NGC1068
2018-03-15 02:26:53	INFO	pipeline.infrastructure.basetask::imager::setDataOnThisMS()	Selecting on spectral windows expression :24
2018-03-15 02:26:53	INFO	pipeline.infrastructure.basetask::imager::setDataOnThisMS()	Selecting on scan : 7,9,11,13,14,18,20,22,24,25,29
2018-03-15 02:26:53	INFO	pipeline.infrastructure.basetask::imager::setDataOnThisMS()	Selected 529690 out of  1589070 rows.
2018-03-15 02:26:53	INFO	pipeline.infrastructure.basetask::imager::setDataOnThisMS()	Selected : [3840 chans in spw 24]
2018-03-15 02:26:54	INFO	pipeline.infrastructure.basetask::imager::setDataOnThisMS()	Performing selection on MeasurementSet : /opt/dared/opt/c5r1/mnt/dataproc/2016.1.00023.S_2018_03_09T13_37_06.344/SOUS_uid___A001_X87d_X495/GOUS_uid___A001_X87d_X496/MOUS_uid___A001_X87d_X497/working/uid___A002_Xc96463_X1646_target.ms
2018-03-15 02:26:54	INFO	pipeline.infrastructure.basetask::imager::setDataOnThisMS()	Selecting on fields : NGC1068
2018-03-15 02:26:54	INFO	pipeline.infrastructure.basetask::imager::setDataOnThisMS()	Selecting on spectral windows expression :24
2018-03-15 02:26:54	INFO	pipeline.infrastructure.basetask::imager::setDataOnThisMS()	Selecting on scan : 7,9,11,13,14,18,20,22,24,25,29
2018-03-15 02:26:54	INFO	pipeline.infrastructure.basetask::imager::setDataOnThisMS()	Selected 507150 out of  1521450 rows.
2018-03-15 02:26:54	INFO	pipeline.infrastructure.basetask::imager::setDataOnThisMS()	Selected : [3840 chans in spw 24]
2018-03-15 02:26:56	INFO	pipeline.infrastructure.basetask::imager::setDataOnThisMS()	Performing selection on MeasurementSet : /opt/dared/opt/c5r1/mnt/dataproc/2016.1.00023.S_2018_03_09T13_37_06.344/SOUS_uid___A001_X87d_X495/GOUS_uid___A001_X87d_X496/MOUS_uid___A001_X87d_X497/working/uid___A002_Xc96f17_X113a_target.ms
2018-03-15 02:26:56	INFO	pipeline.infrastructure.basetask::imager::setDataOnThisMS()	Selecting on fields : NGC1068
2018-03-15 02:26:56	INFO	pipeline.infrastructure.basetask::imager::setDataOnThisMS()	Selecting on spectral windows expression :24
2018-03-15 02:26:56	INFO	pipeline.infrastructure.basetask::imager::setDataOnThisMS()	Selecting on scan : 7,9,11,13,14,18,20,22,24,25,29
2018-03-15 02:26:56	INFO	pipeline.infrastructure.basetask::imager::setDataOnThisMS()	Selected 463540 out of  1390620 rows.
2018-03-15 02:26:56	INFO	pipeline.infrastructure.basetask::imager::setDataOnThisMS()	Selected : [3840 chans in spw 24]
2018-03-15 02:26:57	INFO	pipeline.infrastructure.basetask::imager::advise() 	Advising image properties
2018-03-15 02:33:04	INFO	pipeline.infrastructure.basetask::imager::advise() 	Maximum uv distance = 2.87451e+06 wavelengths
2018-03-15 02:33:04	INFO	pipeline.infrastructure.basetask::imager::advise() +	Recommended cell size < 0.0358783 arcsec
2018-03-15 02:33:04	INFO	pipeline.infrastructure.basetask::imager::advise() 	Recommended number of pixels = 1440
2018-03-15 02:33:04	INFO	pipeline.infrastructure.basetask::imager::advise() +	Dispersion in uv, w distance = 776885, 294413 wavelengths
2018-03-15 02:33:04	INFO	pipeline.infrastructure.basetask::imager::advise() +	Best fitting plane is w = 0.147968 * u + 0.398692 * v
2018-03-15 02:33:04	INFO	pipeline.infrastructure.basetask::imager::advise() +	Dispersion in fitted w = 151345 wavelengths
2018-03-15 02:33:04	INFO	pipeline.infrastructure.basetask::imager::advise() +	Wide field cleaning is not necessary
2018-03-15 02:33:04	INFO	hif_makeimlist::::	Verifying Input Parameters
2018-03-15 02:33:04	INFO	SynthesisImagerVi2::selectData 	MS : /opt/dared/opt/c5r1/mnt/dataproc/2016.1.00023.S_2018_03_09T13_37_06.344/SOUS_uid___A001_X87d_X495/GOUS_uid___A001_X87d_X496/MOUS_uid___A001_X87d_X497/working/uid___A002_Xc27dd7_X2fc3_target.ms | Selecting on fields : NGC1068 | Selecting on spw :24 | [Opened in readonly mode]
2018-03-15 02:33:04	INFO	SynthesisImagerVi2::selectData 	  NRows selected : 529690
2018-03-15 02:33:04	INFO	SynthesisImagerVi2::selectData 	MS : /opt/dared/opt/c5r1/mnt/dataproc/2016.1.00023.S_2018_03_09T13_37_06.344/SOUS_uid___A001_X87d_X495/GOUS_uid___A001_X87d_X496/MOUS_uid___A001_X87d_X497/working/uid___A002_Xc27dd7_X6983_target.ms | Selecting on fields : NGC1068 | Selecting on spw :24 | [Opened in readonly mode]
2018-03-15 02:33:04	INFO	SynthesisImagerVi2::selectData 	  NRows selected : 485100
2018-03-15 02:33:05	INFO	SynthesisImagerVi2::selectData 	MS : /opt/dared/opt/c5r1/mnt/dataproc/2016.1.00023.S_2018_03_09T13_37_06.344/SOUS_uid___A001_X87d_X495/GOUS_uid___A001_X87d_X496/MOUS_uid___A001_X87d_X497/working/uid___A002_Xc27dd7_X6c8e_target.ms | Selecting on fields : NGC1068 | Selecting on spw :24 | [Opened in readonly mode]
2018-03-15 02:33:05	INFO	SynthesisImagerVi2::selectData 	  NRows selected : 425700
2018-03-15 02:33:06	INFO	SynthesisImagerVi2::selectData 	MS : /opt/dared/opt/c5r1/mnt/dataproc/2016.1.00023.S_2018_03_09T13_37_06.344/SOUS_uid___A001_X87d_X495/GOUS_uid___A001_X87d_X496/MOUS_uid___A001_X87d_X497/working/uid___A002_Xc2b007_X877_target.ms | Selecting on fields : NGC1068 | Selecting on spw :24 | [Opened in readonly mode]
2018-03-15 02:33:06	INFO	SynthesisImagerVi2::selectData 	  NRows selected : 485100
2018-03-15 02:33:07	INFO	SynthesisImagerVi2::selectData 	MS : /opt/dared/opt/c5r1/mnt/dataproc/2016.1.00023.S_2018_03_09T13_37_06.344/SOUS_uid___A001_X87d_X495/GOUS_uid___A001_X87d_X496/MOUS_uid___A001_X87d_X497/working/uid___A002_Xc8592e_Xaea3_target.ms | Selecting on fields : NGC1068 | Selecting on spw :24 | [Opened in readonly mode]
2018-03-15 02:33:07	INFO	SynthesisImagerVi2::selectData 	  NRows selected : 529690
2018-03-15 02:33:08	INFO	SynthesisImagerVi2::selectData 	MS : /opt/dared/opt/c5r1/mnt/dataproc/2016.1.00023.S_2018_03_09T13_37_06.344/SOUS_uid___A001_X87d_X495/GOUS_uid___A001_X87d_X496/MOUS_uid___A001_X87d_X497/working/uid___A002_Xc89480_X8c7d_target.ms | Selecting on fields : NGC1068 | Selecting on spw :24 | [Opened in readonly mode]
2018-03-15 02:33:08	INFO	SynthesisImagerVi2::selectData 	  NRows selected : 529690
2018-03-15 02:33:09	INFO	SynthesisImagerVi2::selectData 	MS : /opt/dared/opt/c5r1/mnt/dataproc/2016.1.00023.S_2018_03_09T13_37_06.344/SOUS_uid___A001_X87d_X495/GOUS_uid___A001_X87d_X496/MOUS_uid___A001_X87d_X497/working/uid___A002_Xc96463_X1646_target.ms | Selecting on fields : NGC1068 | Selecting on spw :24 | [Opened in readonly mode]
2018-03-15 02:33:09	INFO	SynthesisImagerVi2::selectData 	  NRows selected : 507150
2018-03-15 02:33:10	INFO	SynthesisImagerVi2::selectData 	MS : /opt/dared/opt/c5r1/mnt/dataproc/2016.1.00023.S_2018_03_09T13_37_06.344/SOUS_uid___A001_X87d_X495/GOUS_uid___A001_X87d_X496/MOUS_uid___A001_X87d_X497/working/uid___A002_Xc96f17_X113a_target.ms | Selecting on fields : NGC1068 | Selecting on spw :24 | [Opened in readonly mode]
2018-03-15 02:33:10	INFO	SynthesisImagerVi2::selectData 	  NRows selected : 463540
2018-03-15 02:33:12	INFO	SynthesisImagerVi2::defineImage 	Define image coordinates for [57eb0bfc-d70a-4933-a0b6-7d2955a1a314] : 
2018-03-15 02:33:12	INFO	MSTransformRegridder::calcChanFreqs	 phaseCenter='Direction: [0.75848, 0.651696, -0.000232444]'  Channels equidistant in freq
2018-03-15 02:33:12	INFO	MSTransformRegridder::calcChanFreqs+	 Central frequency (in output frame) = 2.58018e+11 Hz
2018-03-15 02:33:12	INFO	MSTransformRegridder::calcChanFreqs+	 Width of central channel (in output frame) = 488253 Hz
2018-03-15 02:33:12	INFO	MSTransformRegridder::calcChanFreqs+	 Number of channels = 1
2018-03-15 02:33:12	INFO	MSTransformRegridder::calcChanFreqs+	 Total width of SPW (in output frame) = 488253 Hz
2018-03-15 02:33:12	INFO	MSTransformRegridder::calcChanFreqs+	 Lower edge = 2.58018e+11 Hz, upper edge = 2.58019e+11 Hz
2018-03-15 02:33:12	INFO	SynthesisImagerVi2::defineImage 	Impars : start 1920
2018-03-15 02:33:12	INFO	SynthesisImagerVi2::defineImage 	Shape : [3584, 3584, 1, 1]Spectral : [2.58018e+11] at [0] with increment [488253]
2018-03-15 02:33:12	INFO	SynthesisImagerVi2::defineImage 	Set Gridding options for [57eb0bfc-d70a-4933-a0b6-7d2955a1a314] with ftmachine : gridft
2018-03-15 02:33:12	INFO	SynthesisImager::tuneSelectData 	Tuning frequency data selection to match image spectral coordinates
2018-03-15 02:33:12	INFO	SynthesisImagerVi2::selectData 	MS : /opt/dared/opt/c5r1/mnt/dataproc/2016.1.00023.S_2018_03_09T13_37_06.344/SOUS_uid___A001_X87d_X495/GOUS_uid___A001_X87d_X496/MOUS_uid___A001_X87d_X497/working/uid___A002_Xc27dd7_X2fc3_target.ms | Selecting on fields : NGC1068 | Selecting on spw :24 | [Opened in readonly mode]
2018-03-15 02:33:12	INFO	SynthesisImagerVi2::selectData 	  NRows selected : 529690
2018-03-15 02:33:13	INFO	SynthesisImagerVi2::selectData 	MS : /opt/dared/opt/c5r1/mnt/dataproc/2016.1.00023.S_2018_03_09T13_37_06.344/SOUS_uid___A001_X87d_X495/GOUS_uid___A001_X87d_X496/MOUS_uid___A001_X87d_X497/working/uid___A002_Xc27dd7_X6983_target.ms | Selecting on fields : NGC1068 | Selecting on spw :24 | [Opened in readonly mode]
2018-03-15 02:33:13	INFO	SynthesisImagerVi2::selectData 	  NRows selected : 485100
2018-03-15 02:33:13	INFO	SynthesisImagerVi2::selectData 	MS : /opt/dared/opt/c5r1/mnt/dataproc/2016.1.00023.S_2018_03_09T13_37_06.344/SOUS_uid___A001_X87d_X495/GOUS_uid___A001_X87d_X496/MOUS_uid___A001_X87d_X497/working/uid___A002_Xc27dd7_X6c8e_target.ms | Selecting on fields : NGC1068 | Selecting on spw :24 | [Opened in readonly mode]
2018-03-15 02:33:13	INFO	SynthesisImagerVi2::selectData 	  NRows selected : 425700
2018-03-15 02:33:14	INFO	SynthesisImagerVi2::selectData 	MS : /opt/dared/opt/c5r1/mnt/dataproc/2016.1.00023.S_2018_03_09T13_37_06.344/SOUS_uid___A001_X87d_X495/GOUS_uid___A001_X87d_X496/MOUS_uid___A001_X87d_X497/working/uid___A002_Xc2b007_X877_target.ms | Selecting on fields : NGC1068 | Selecting on spw :24 | [Opened in readonly mode]
2018-03-15 02:33:14	INFO	SynthesisImagerVi2::selectData 	  NRows selected : 485100
2018-03-15 02:33:15	INFO	SynthesisImagerVi2::selectData 	MS : /opt/dared/opt/c5r1/mnt/dataproc/2016.1.00023.S_2018_03_09T13_37_06.344/SOUS_uid___A001_X87d_X495/GOUS_uid___A001_X87d_X496/MOUS_uid___A001_X87d_X497/working/uid___A002_Xc8592e_Xaea3_target.ms | Selecting on fields : NGC1068 | Selecting on spw :24 | [Opened in readonly mode]
2018-03-15 02:33:15	INFO	SynthesisImagerVi2::selectData 	  NRows selected : 529690
2018-03-15 02:33:16	INFO	SynthesisImagerVi2::selectData 	MS : /opt/dared/opt/c5r1/mnt/dataproc/2016.1.00023.S_2018_03_09T13_37_06.344/SOUS_uid___A001_X87d_X495/GOUS_uid___A001_X87d_X496/MOUS_uid___A001_X87d_X497/working/uid___A002_Xc89480_X8c7d_target.ms | Selecting on fields : NGC1068 | Selecting on spw :24 | [Opened in readonly mode]
2018-03-15 02:33:16	INFO	SynthesisImagerVi2::selectData 	  NRows selected : 529690
2018-03-15 02:33:17	INFO	SynthesisImagerVi2::selectData 	MS : /opt/dared/opt/c5r1/mnt/dataproc/2016.1.00023.S_2018_03_09T13_37_06.344/SOUS_uid___A001_X87d_X495/GOUS_uid___A001_X87d_X496/MOUS_uid___A001_X87d_X497/working/uid___A002_Xc96463_X1646_target.ms | Selecting on fields : NGC1068 | Selecting on spw :24 | [Opened in readonly mode]
2018-03-15 02:33:17	INFO	SynthesisImagerVi2::selectData 	  NRows selected : 507150
2018-03-15 02:33:18	INFO	SynthesisImagerVi2::selectData 	MS : /opt/dared/opt/c5r1/mnt/dataproc/2016.1.00023.S_2018_03_09T13_37_06.344/SOUS_uid___A001_X87d_X495/GOUS_uid___A001_X87d_X496/MOUS_uid___A001_X87d_X497/working/uid___A002_Xc96f17_X113a_target.ms | Selecting on fields : NGC1068 | Selecting on spw :24 | [Opened in readonly mode]
2018-03-15 02:33:18	INFO	SynthesisImagerVi2::selectData 	  NRows selected : 463540
2018-03-15 02:33:20	INFO	SynthesisImagerVi2::weight() 	Set imaging weights : Briggs weighting: sidelobes will be suppressed over full image
2018-03-15 02:33:38	INFO	VisSetUtil::VisImagingWeight() 	Normal robustness, robust = 0.5
2018-03-15 02:33:38	INFO	SynthesisImager::makePSF 	----------------------------------------------------------- Make PSF ---------------------------------------------
2018-03-15 02:33:54	INFO	SynthesisNormalizer::setupImagesOnDisk 	 Found full images : 1
2018-03-15 02:33:54	INFO	SynthesisNormalizer::setupImagesOnDisk 	 Found part images : 0
2018-03-15 02:33:54	INFO	SIImageStore::calcSensitivity 	[57eb0bfc-d70a-4933-a0b6-7d2955a1a314] Theoretical sensitivity (Jy/bm):0.000204948 
2018-03-15 02:33:54	INFO	SIImageStore::printBeamSet 	Beam : 0.155246 arcsec, 0.106637 arcsec, -84.4209 deg
2018-03-15 02:33:54	INFO	imager::setDataOnThisMS()	Performing selection on MeasurementSet : /opt/dared/opt/c5r1/mnt/dataproc/2016.1.00023.S_2018_03_09T13_37_06.344/SOUS_uid___A001_X87d_X495/GOUS_uid___A001_X87d_X496/MOUS_uid___A001_X87d_X497/working/uid___A002_Xc27dd7_X2fc3_target.ms
2018-03-15 02:33:54	INFO	imager::setDataOnThisMS()	Selecting on fields : NGC1068
2018-03-15 02:33:54	INFO	imager::setDataOnThisMS()	Selecting on spectral windows expression :26
2018-03-15 02:33:54	INFO	imager::setDataOnThisMS()	Selecting on scan : 11,13,16,18,22,24,27,29,33
2018-03-15 02:33:54	INFO	imager::setDataOnThisMS()	Selected 529690 out of  1589070 rows.
2018-03-15 02:33:54	INFO	imager::setDataOnThisMS()	Selected : [3840 chans in spw 26]
2018-03-15 02:33:55	INFO	imager::setDataOnThisMS()	Performing selection on MeasurementSet : /opt/dared/opt/c5r1/mnt/dataproc/2016.1.00023.S_2018_03_09T13_37_06.344/SOUS_uid___A001_X87d_X495/GOUS_uid___A001_X87d_X496/MOUS_uid___A001_X87d_X497/working/uid___A002_Xc27dd7_X6983_target.ms
2018-03-15 02:33:55	INFO	imager::setDataOnThisMS()	Selecting on fields : NGC1068
2018-03-15 02:33:55	INFO	imager::setDataOnThisMS()	Selecting on spectral windows expression :26
2018-03-15 02:33:55	INFO	imager::setDataOnThisMS()	Selecting on scan : 9,11,14,16,20,22,25,27,31
2018-03-15 02:33:55	INFO	imager::setDataOnThisMS()	Selected 485100 out of  1455300 rows.
2018-03-15 02:33:55	INFO	imager::setDataOnThisMS()	Selected : [3840 chans in spw 26]
2018-03-15 02:33:55	INFO	imager::setDataOnThisMS()	Performing selection on MeasurementSet : /opt/dared/opt/c5r1/mnt/dataproc/2016.1.00023.S_2018_03_09T13_37_06.344/SOUS_uid___A001_X87d_X495/GOUS_uid___A001_X87d_X496/MOUS_uid___A001_X87d_X497/working/uid___A002_Xc27dd7_X6c8e_target.ms
2018-03-15 02:33:55	INFO	imager::setDataOnThisMS()	Selecting on fields : NGC1068
2018-03-15 02:33:55	INFO	imager::setDataOnThisMS()	Selecting on spectral windows expression :26
2018-03-15 02:33:55	INFO	imager::setDataOnThisMS()	Selecting on scan : 11,13,16,18,22,24,27,29
2018-03-15 02:33:55	INFO	imager::setDataOnThisMS()	Selected 425700 out of  1277100 rows.
2018-03-15 02:33:55	INFO	imager::setDataOnThisMS()	Selected : [3840 chans in spw 26]
2018-03-15 02:33:56	INFO	imager::setDataOnThisMS()	Performing selection on MeasurementSet : /opt/dared/opt/c5r1/mnt/dataproc/2016.1.00023.S_2018_03_09T13_37_06.344/SOUS_uid___A001_X87d_X495/GOUS_uid___A001_X87d_X496/MOUS_uid___A001_X87d_X497/working/uid___A002_Xc2b007_X877_target.ms
2018-03-15 02:33:56	INFO	imager::setDataOnThisMS()	Selecting on fields : NGC1068
2018-03-15 02:33:56	INFO	imager::setDataOnThisMS()	Selecting on spectral windows expression :26
2018-03-15 02:33:56	INFO	imager::setDataOnThisMS()	Selecting on scan : 9,11,14,16,20,22,25,27,31
2018-03-15 02:33:56	INFO	imager::setDataOnThisMS()	Selected 485100 out of  1455300 rows.
2018-03-15 02:33:56	INFO	imager::setDataOnThisMS()	Selected : [3840 chans in spw 26]
2018-03-15 02:33:57	INFO	imager::setDataOnThisMS()	Performing selection on MeasurementSet : /opt/dared/opt/c5r1/mnt/dataproc/2016.1.00023.S_2018_03_09T13_37_06.344/SOUS_uid___A001_X87d_X495/GOUS_uid___A001_X87d_X496/MOUS_uid___A001_X87d_X497/working/uid___A002_Xc8592e_Xaea3_target.ms
2018-03-15 02:33:57	INFO	imager::setDataOnThisMS()	Selecting on fields : NGC1068
2018-03-15 02:33:57	INFO	imager::setDataOnThisMS()	Selecting on spectral windows expression :26
2018-03-15 02:33:57	INFO	imager::setDataOnThisMS()	Selecting on scan : 7,9,11,13,14,18,20,22,24,25,29
2018-03-15 02:33:57	INFO	imager::setDataOnThisMS()	Selected 529690 out of  1589070 rows.
2018-03-15 02:33:57	INFO	imager::setDataOnThisMS()	Selected : [3840 chans in spw 26]
2018-03-15 02:33:58	INFO	imager::setDataOnThisMS()	Performing selection on MeasurementSet : /opt/dared/opt/c5r1/mnt/dataproc/2016.1.00023.S_2018_03_09T13_37_06.344/SOUS_uid___A001_X87d_X495/GOUS_uid___A001_X87d_X496/MOUS_uid___A001_X87d_X497/working/uid___A002_Xc89480_X8c7d_target.ms
2018-03-15 02:33:58	INFO	imager::setDataOnThisMS()	Selecting on fields : NGC1068
2018-03-15 02:33:58	INFO	imager::setDataOnThisMS()	Selecting on spectral windows expression :26
2018-03-15 02:33:58	INFO	imager::setDataOnThisMS()	Selecting on scan : 7,9,11,13,14,18,20,22,24,25,29
2018-03-15 02:33:58	INFO	imager::setDataOnThisMS()	Selected 529690 out of  1589070 rows.
2018-03-15 02:33:58	INFO	imager::setDataOnThisMS()	Selected : [3840 chans in spw 26]
2018-03-15 02:33:59	INFO	imager::setDataOnThisMS()	Performing selection on MeasurementSet : /opt/dared/opt/c5r1/mnt/dataproc/2016.1.00023.S_2018_03_09T13_37_06.344/SOUS_uid___A001_X87d_X495/GOUS_uid___A001_X87d_X496/MOUS_uid___A001_X87d_X497/working/uid___A002_Xc96463_X1646_target.ms
2018-03-15 02:33:59	INFO	imager::setDataOnThisMS()	Selecting on fields : NGC1068
2018-03-15 02:33:59	INFO	imager::setDataOnThisMS()	Selecting on spectral windows expression :26
2018-03-15 02:33:59	INFO	imager::setDataOnThisMS()	Selecting on scan : 7,9,11,13,14,18,20,22,24,25,29
2018-03-15 02:33:59	INFO	imager::setDataOnThisMS()	Selected 507150 out of  1521450 rows.
2018-03-15 02:33:59	INFO	imager::setDataOnThisMS()	Selected : [3840 chans in spw 26]
2018-03-15 02:34:00	INFO	imager::setDataOnThisMS()	Performing selection on MeasurementSet : /opt/dared/opt/c5r1/mnt/dataproc/2016.1.00023.S_2018_03_09T13_37_06.344/SOUS_uid___A001_X87d_X495/GOUS_uid___A001_X87d_X496/MOUS_uid___A001_X87d_X497/working/uid___A002_Xc96f17_X113a_target.ms
2018-03-15 02:34:00	INFO	imager::setDataOnThisMS()	Selecting on fields : NGC1068
2018-03-15 02:34:00	INFO	imager::setDataOnThisMS()	Selecting on spectral windows expression :26
2018-03-15 02:34:00	INFO	imager::setDataOnThisMS()	Selecting on scan : 7,9,11,13,14,18,20,22,24,25,29
2018-03-15 02:34:01	INFO	imager::setDataOnThisMS()	Selected 463540 out of  1390620 rows.
2018-03-15 02:34:01	INFO	imager::setDataOnThisMS()	Selected : [3840 chans in spw 26]
2018-03-15 02:34:02	INFO	imager::advise() 	Advising image properties
2018-03-15 02:40:18	INFO	imager::advise() 	Maximum uv distance = 2.71891e+06 wavelengths
2018-03-15 02:40:18	INFO	imager::advise() +	Recommended cell size < 0.0379315 arcsec
2018-03-15 02:40:18	INFO	imager::advise() 	Recommended number of pixels = 1440
2018-03-15 02:40:18	INFO	imager::advise() +	Dispersion in uv, w distance = 726194, 274657 wavelengths
2018-03-15 02:40:18	INFO	imager::advise() +	Best fitting plane is w = 0.139215 * u + 0.397417 * v
2018-03-15 02:40:18	INFO	imager::advise() +	Dispersion in fitted w = 143048 wavelengths
2018-03-15 02:40:18	INFO	imager::advise() +	Wide field cleaning is not necessary
2018-03-15 02:40:18	INFO	hif_makeimlist::::	Verifying Input Parameters
2018-03-15 02:40:18	INFO	SynthesisImagerVi2::selectData 	MS : /opt/dared/opt/c5r1/mnt/dataproc/2016.1.00023.S_2018_03_09T13_37_06.344/SOUS_uid___A001_X87d_X495/GOUS_uid___A001_X87d_X496/MOUS_uid___A001_X87d_X497/working/uid___A002_Xc27dd7_X2fc3_target.ms | Selecting on fields : NGC1068 | Selecting on spw :26 | [Opened in readonly mode]
2018-03-15 02:40:18	INFO	SynthesisImagerVi2::selectData 	  NRows selected : 529690
2018-03-15 02:40:18	INFO	SynthesisImagerVi2::selectData 	MS : /opt/dared/opt/c5r1/mnt/dataproc/2016.1.00023.S_2018_03_09T13_37_06.344/SOUS_uid___A001_X87d_X495/GOUS_uid___A001_X87d_X496/MOUS_uid___A001_X87d_X497/working/uid___A002_Xc27dd7_X6983_target.ms | Selecting on fields : NGC1068 | Selecting on spw :26 | [Opened in readonly mode]
2018-03-15 02:40:18	INFO	SynthesisImagerVi2::selectData 	  NRows selected : 485100
2018-03-15 02:40:19	INFO	SynthesisImagerVi2::selectData 	MS : /opt/dared/opt/c5r1/mnt/dataproc/2016.1.00023.S_2018_03_09T13_37_06.344/SOUS_uid___A001_X87d_X495/GOUS_uid___A001_X87d_X496/MOUS_uid___A001_X87d_X497/working/uid___A002_Xc27dd7_X6c8e_target.ms | Selecting on fields : NGC1068 | Selecting on spw :26 | [Opened in readonly mode]
2018-03-15 02:40:19	INFO	SynthesisImagerVi2::selectData 	  NRows selected : 425700
2018-03-15 02:40:20	INFO	SynthesisImagerVi2::selectData 	MS : /opt/dared/opt/c5r1/mnt/dataproc/2016.1.00023.S_2018_03_09T13_37_06.344/SOUS_uid___A001_X87d_X495/GOUS_uid___A001_X87d_X496/MOUS_uid___A001_X87d_X497/working/uid___A002_Xc2b007_X877_target.ms | Selecting on fields : NGC1068 | Selecting on spw :26 | [Opened in readonly mode]
2018-03-15 02:40:20	INFO	SynthesisImagerVi2::selectData 	  NRows selected : 485100
2018-03-15 02:40:20	INFO	SynthesisImagerVi2::selectData 	MS : /opt/dared/opt/c5r1/mnt/dataproc/2016.1.00023.S_2018_03_09T13_37_06.344/SOUS_uid___A001_X87d_X495/GOUS_uid___A001_X87d_X496/MOUS_uid___A001_X87d_X497/working/uid___A002_Xc8592e_Xaea3_target.ms | Selecting on fields : NGC1068 | Selecting on spw :26 | [Opened in readonly mode]
2018-03-15 02:40:21	INFO	SynthesisImagerVi2::selectData 	  NRows selected : 529690
2018-03-15 02:40:22	INFO	SynthesisImagerVi2::selectData 	MS : /opt/dared/opt/c5r1/mnt/dataproc/2016.1.00023.S_2018_03_09T13_37_06.344/SOUS_uid___A001_X87d_X495/GOUS_uid___A001_X87d_X496/MOUS_uid___A001_X87d_X497/working/uid___A002_Xc89480_X8c7d_target.ms | Selecting on fields : NGC1068 | Selecting on spw :26 | [Opened in readonly mode]
2018-03-15 02:40:22	INFO	SynthesisImagerVi2::selectData 	  NRows selected : 529690
2018-03-15 02:40:23	INFO	SynthesisImagerVi2::selectData 	MS : /opt/dared/opt/c5r1/mnt/dataproc/2016.1.00023.S_2018_03_09T13_37_06.344/SOUS_uid___A001_X87d_X495/GOUS_uid___A001_X87d_X496/MOUS_uid___A001_X87d_X497/working/uid___A002_Xc96463_X1646_target.ms | Selecting on fields : NGC1068 | Selecting on spw :26 | [Opened in readonly mode]
2018-03-15 02:40:23	INFO	SynthesisImagerVi2::selectData 	  NRows selected : 507150
2018-03-15 02:40:24	INFO	SynthesisImagerVi2::selectData 	MS : /opt/dared/opt/c5r1/mnt/dataproc/2016.1.00023.S_2018_03_09T13_37_06.344/SOUS_uid___A001_X87d_X495/GOUS_uid___A001_X87d_X496/MOUS_uid___A001_X87d_X497/working/uid___A002_Xc96f17_X113a_target.ms | Selecting on fields : NGC1068 | Selecting on spw :26 | [Opened in readonly mode]
2018-03-15 02:40:24	INFO	SynthesisImagerVi2::selectData 	  NRows selected : 463540
2018-03-15 02:40:26	INFO	SynthesisImagerVi2::defineImage 	Define image coordinates for [ef3b0d57-6dbf-470e-986c-55cf7343ed8f] : 
2018-03-15 02:40:26	INFO	MSTransformRegridder::calcChanFreqs	 phaseCenter='Direction: [0.75848, 0.651696, -0.000232444]'  *** Encountered negative channel widths in input spectral window.
2018-03-15 02:40:26	INFO	MSTransformRegridder::calcChanFreqs	 Channels equidistant in freq
2018-03-15 02:40:26	INFO	MSTransformRegridder::calcChanFreqs+	 Central frequency (in output frame) = 2.44001e+11 Hz
2018-03-15 02:40:26	INFO	MSTransformRegridder::calcChanFreqs+	 Channel central frequency is decreasing with increasing channel number.
2018-03-15 02:40:26	INFO	MSTransformRegridder::calcChanFreqs+	 Width of central channel (in output frame) = 488253 Hz
2018-03-15 02:40:26	INFO	MSTransformRegridder::calcChanFreqs+	 Number of channels = 1
2018-03-15 02:40:26	INFO	MSTransformRegridder::calcChanFreqs+	 Total width of SPW (in output frame) = 488253 Hz
2018-03-15 02:40:26	INFO	MSTransformRegridder::calcChanFreqs+	 Lower edge = 2.44001e+11 Hz, upper edge = 2.44001e+11 Hz
2018-03-15 02:40:26	INFO	SynthesisImagerVi2::defineImage 	Impars : start 1920
2018-03-15 02:40:26	INFO	SynthesisImagerVi2::defineImage 	Shape : [3402, 3402, 1, 1]Spectral : [2.44001e+11] at [0] with increment [488253]
2018-03-15 02:40:26	INFO	SynthesisImagerVi2::defineImage 	Set Gridding options for [ef3b0d57-6dbf-470e-986c-55cf7343ed8f] with ftmachine : gridft
2018-03-15 02:40:26	INFO	SynthesisImager::tuneSelectData 	Tuning frequency data selection to match image spectral coordinates
2018-03-15 02:40:26	INFO	SynthesisImagerVi2::selectData 	MS : /opt/dared/opt/c5r1/mnt/dataproc/2016.1.00023.S_2018_03_09T13_37_06.344/SOUS_uid___A001_X87d_X495/GOUS_uid___A001_X87d_X496/MOUS_uid___A001_X87d_X497/working/uid___A002_Xc27dd7_X2fc3_target.ms | Selecting on fields : NGC1068 | Selecting on spw :26 | [Opened in readonly mode]
2018-03-15 02:40:26	INFO	SynthesisImagerVi2::selectData 	  NRows selected : 529690
2018-03-15 02:40:27	INFO	SynthesisImagerVi2::selectData 	MS : /opt/dared/opt/c5r1/mnt/dataproc/2016.1.00023.S_2018_03_09T13_37_06.344/SOUS_uid___A001_X87d_X495/GOUS_uid___A001_X87d_X496/MOUS_uid___A001_X87d_X497/working/uid___A002_Xc27dd7_X6983_target.ms | Selecting on fields : NGC1068 | Selecting on spw :26 | [Opened in readonly mode]
2018-03-15 02:40:27	INFO	SynthesisImagerVi2::selectData 	  NRows selected : 485100
2018-03-15 02:40:27	INFO	SynthesisImagerVi2::selectData 	MS : /opt/dared/opt/c5r1/mnt/dataproc/2016.1.00023.S_2018_03_09T13_37_06.344/SOUS_uid___A001_X87d_X495/GOUS_uid___A001_X87d_X496/MOUS_uid___A001_X87d_X497/working/uid___A002_Xc27dd7_X6c8e_target.ms | Selecting on fields : NGC1068 | Selecting on spw :26 | [Opened in readonly mode]
2018-03-15 02:40:27	INFO	SynthesisImagerVi2::selectData 	  NRows selected : 425700
2018-03-15 02:40:28	INFO	SynthesisImagerVi2::selectData 	MS : /opt/dared/opt/c5r1/mnt/dataproc/2016.1.00023.S_2018_03_09T13_37_06.344/SOUS_uid___A001_X87d_X495/GOUS_uid___A001_X87d_X496/MOUS_uid___A001_X87d_X497/working/uid___A002_Xc2b007_X877_target.ms | Selecting on fields : NGC1068 | Selecting on spw :26 | [Opened in readonly mode]
2018-03-15 02:40:28	INFO	SynthesisImagerVi2::selectData 	  NRows selected : 485100
2018-03-15 02:40:29	INFO	SynthesisImagerVi2::selectData 	MS : /opt/dared/opt/c5r1/mnt/dataproc/2016.1.00023.S_2018_03_09T13_37_06.344/SOUS_uid___A001_X87d_X495/GOUS_uid___A001_X87d_X496/MOUS_uid___A001_X87d_X497/working/uid___A002_Xc8592e_Xaea3_target.ms | Selecting on fields : NGC1068 | Selecting on spw :26 | [Opened in readonly mode]
2018-03-15 02:40:29	INFO	SynthesisImagerVi2::selectData 	  NRows selected : 529690
2018-03-15 02:40:30	INFO	SynthesisImagerVi2::selectData 	MS : /opt/dared/opt/c5r1/mnt/dataproc/2016.1.00023.S_2018_03_09T13_37_06.344/SOUS_uid___A001_X87d_X495/GOUS_uid___A001_X87d_X496/MOUS_uid___A001_X87d_X497/working/uid___A002_Xc89480_X8c7d_target.ms | Selecting on fields : NGC1068 | Selecting on spw :26 | [Opened in readonly mode]
2018-03-15 02:40:30	INFO	SynthesisImagerVi2::selectData 	  NRows selected : 529690
2018-03-15 02:40:31	INFO	SynthesisImagerVi2::selectData 	MS : /opt/dared/opt/c5r1/mnt/dataproc/2016.1.00023.S_2018_03_09T13_37_06.344/SOUS_uid___A001_X87d_X495/GOUS_uid___A001_X87d_X496/MOUS_uid___A001_X87d_X497/working/uid___A002_Xc96463_X1646_target.ms | Selecting on fields : NGC1068 | Selecting on spw :26 | [Opened in readonly mode]
2018-03-15 02:40:31	INFO	SynthesisImagerVi2::selectData 	  NRows selected : 507150
2018-03-15 02:40:32	INFO	SynthesisImagerVi2::selectData 	MS : /opt/dared/opt/c5r1/mnt/dataproc/2016.1.00023.S_2018_03_09T13_37_06.344/SOUS_uid___A001_X87d_X495/GOUS_uid___A001_X87d_X496/MOUS_uid___A001_X87d_X497/working/uid___A002_Xc96f17_X113a_target.ms | Selecting on fields : NGC1068 | Selecting on spw :26 | [Opened in readonly mode]
2018-03-15 02:40:32	INFO	SynthesisImagerVi2::selectData 	  NRows selected : 463540
2018-03-15 02:40:34	INFO	SynthesisImagerVi2::weight() 	Set imaging weights : Briggs weighting: sidelobes will be suppressed over full image
2018-03-15 02:40:45	INFO	VisSetUtil::VisImagingWeight() 	Normal robustness, robust = 0.5
2018-03-15 02:40:45	INFO	SynthesisImager::makePSF 	----------------------------------------------------------- Make PSF ---------------------------------------------
2018-03-15 02:41:03	INFO	SynthesisNormalizer::setupImagesOnDisk 	 Found full images : 1
2018-03-15 02:41:03	INFO	SynthesisNormalizer::setupImagesOnDisk 	 Found part images : 0
2018-03-15 02:41:03	INFO	SIImageStore::calcSensitivity 	[ef3b0d57-6dbf-470e-986c-55cf7343ed8f] Theoretical sensitivity (Jy/bm):0.000194808 
2018-03-15 02:41:03	INFO	SIImageStore::printBeamSet 	Beam : 0.164715 arcsec, 0.11387 arcsec, -84.1606 deg
2018-03-15 02:41:04	INFO	imager::setDataOnThisMS()	Performing selection on MeasurementSet : /opt/dared/opt/c5r1/mnt/dataproc/2016.1.00023.S_2018_03_09T13_37_06.344/SOUS_uid___A001_X87d_X495/GOUS_uid___A001_X87d_X496/MOUS_uid___A001_X87d_X497/working/uid___A002_Xc27dd7_X2fc3_target.ms
2018-03-15 02:41:04	INFO	imager::setDataOnThisMS()	Selecting on fields : NGC1068
2018-03-15 02:41:04	INFO	imager::setDataOnThisMS()	Selecting on spectral windows expression :22
2018-03-15 02:41:04	INFO	imager::setDataOnThisMS()	Selecting on scan : 11,13,16,18,22,24,27,29,33
2018-03-15 02:41:04	INFO	imager::setDataOnThisMS()	Selected 529690 out of  1589070 rows.
2018-03-15 02:41:04	INFO	imager::setDataOnThisMS()	Selected : [3840 chans in spw 22]
2018-03-15 02:41:04	INFO	imager::setDataOnThisMS()	Performing selection on MeasurementSet : /opt/dared/opt/c5r1/mnt/dataproc/2016.1.00023.S_2018_03_09T13_37_06.344/SOUS_uid___A001_X87d_X495/GOUS_uid___A001_X87d_X496/MOUS_uid___A001_X87d_X497/working/uid___A002_Xc27dd7_X6983_target.ms
2018-03-15 02:41:04	INFO	imager::setDataOnThisMS()	Selecting on fields : NGC1068
2018-03-15 02:41:04	INFO	imager::setDataOnThisMS()	Selecting on spectral windows expression :22
2018-03-15 02:41:04	INFO	imager::setDataOnThisMS()	Selecting on scan : 9,11,14,16,20,22,25,27,31
2018-03-15 02:41:04	INFO	imager::setDataOnThisMS()	Selected 485100 out of  1455300 rows.
2018-03-15 02:41:04	INFO	imager::setDataOnThisMS()	Selected : [3840 chans in spw 22]
2018-03-15 02:41:04	INFO	imager::setDataOnThisMS()	Performing selection on MeasurementSet : /opt/dared/opt/c5r1/mnt/dataproc/2016.1.00023.S_2018_03_09T13_37_06.344/SOUS_uid___A001_X87d_X495/GOUS_uid___A001_X87d_X496/MOUS_uid___A001_X87d_X497/working/uid___A002_Xc27dd7_X6c8e_target.ms
2018-03-15 02:41:04	INFO	imager::setDataOnThisMS()	Selecting on fields : NGC1068
2018-03-15 02:41:04	INFO	imager::setDataOnThisMS()	Selecting on spectral windows expression :22
2018-03-15 02:41:04	INFO	imager::setDataOnThisMS()	Selecting on scan : 11,13,16,18,22,24,27,29
2018-03-15 02:41:05	INFO	imager::setDataOnThisMS()	Selected 425700 out of  1277100 rows.
2018-03-15 02:41:05	INFO	imager::setDataOnThisMS()	Selected : [3840 chans in spw 22]
2018-03-15 02:41:05	INFO	imager::setDataOnThisMS()	Performing selection on MeasurementSet : /opt/dared/opt/c5r1/mnt/dataproc/2016.1.00023.S_2018_03_09T13_37_06.344/SOUS_uid___A001_X87d_X495/GOUS_uid___A001_X87d_X496/MOUS_uid___A001_X87d_X497/working/uid___A002_Xc2b007_X877_target.ms
2018-03-15 02:41:05	INFO	imager::setDataOnThisMS()	Selecting on fields : NGC1068
2018-03-15 02:41:05	INFO	imager::setDataOnThisMS()	Selecting on spectral windows expression :22
2018-03-15 02:41:05	INFO	imager::setDataOnThisMS()	Selecting on scan : 9,11,14,16,20,22,25,27,31
2018-03-15 02:41:05	INFO	imager::setDataOnThisMS()	Selected 485100 out of  1455300 rows.
2018-03-15 02:41:05	INFO	imager::setDataOnThisMS()	Selected : [3840 chans in spw 22]
2018-03-15 02:41:06	INFO	imager::setDataOnThisMS()	Performing selection on MeasurementSet : /opt/dared/opt/c5r1/mnt/dataproc/2016.1.00023.S_2018_03_09T13_37_06.344/SOUS_uid___A001_X87d_X495/GOUS_uid___A001_X87d_X496/MOUS_uid___A001_X87d_X497/working/uid___A002_Xc8592e_Xaea3_target.ms
2018-03-15 02:41:06	INFO	imager::setDataOnThisMS()	Selecting on fields : NGC1068
2018-03-15 02:41:06	INFO	imager::setDataOnThisMS()	Selecting on spectral windows expression :22
2018-03-15 02:41:06	INFO	imager::setDataOnThisMS()	Selecting on scan : 7,9,11,13,14,18,20,22,24,25,29
2018-03-15 02:41:06	INFO	imager::setDataOnThisMS()	Selected 529690 out of  1589070 rows.
2018-03-15 02:41:06	INFO	imager::setDataOnThisMS()	Selected : [3840 chans in spw 22]
2018-03-15 02:41:07	INFO	imager::setDataOnThisMS()	Performing selection on MeasurementSet : /opt/dared/opt/c5r1/mnt/dataproc/2016.1.00023.S_2018_03_09T13_37_06.344/SOUS_uid___A001_X87d_X495/GOUS_uid___A001_X87d_X496/MOUS_uid___A001_X87d_X497/working/uid___A002_Xc89480_X8c7d_target.ms
2018-03-15 02:41:07	INFO	imager::setDataOnThisMS()	Selecting on fields : NGC1068
2018-03-15 02:41:07	INFO	imager::setDataOnThisMS()	Selecting on spectral windows expression :22
2018-03-15 02:41:07	INFO	imager::setDataOnThisMS()	Selecting on scan : 7,9,11,13,14,18,20,22,24,25,29
2018-03-15 02:41:07	INFO	imager::setDataOnThisMS()	Selected 529690 out of  1589070 rows.
2018-03-15 02:41:07	INFO	imager::setDataOnThisMS()	Selected : [3840 chans in spw 22]
2018-03-15 02:41:09	INFO	imager::setDataOnThisMS()	Performing selection on MeasurementSet : /opt/dared/opt/c5r1/mnt/dataproc/2016.1.00023.S_2018_03_09T13_37_06.344/SOUS_uid___A001_X87d_X495/GOUS_uid___A001_X87d_X496/MOUS_uid___A001_X87d_X497/working/uid___A002_Xc96463_X1646_target.ms
2018-03-15 02:41:09	INFO	imager::setDataOnThisMS()	Selecting on fields : NGC1068
2018-03-15 02:41:09	INFO	imager::setDataOnThisMS()	Selecting on spectral windows expression :22
2018-03-15 02:41:09	INFO	imager::setDataOnThisMS()	Selecting on scan : 7,9,11,13,14,18,20,22,24,25,29
2018-03-15 02:41:09	INFO	imager::setDataOnThisMS()	Selected 507150 out of  1521450 rows.
2018-03-15 02:41:09	INFO	imager::setDataOnThisMS()	Selected : [3840 chans in spw 22]
2018-03-15 02:41:10	INFO	imager::setDataOnThisMS()	Performing selection on MeasurementSet : /opt/dared/opt/c5r1/mnt/dataproc/2016.1.00023.S_2018_03_09T13_37_06.344/SOUS_uid___A001_X87d_X495/GOUS_uid___A001_X87d_X496/MOUS_uid___A001_X87d_X497/working/uid___A002_Xc96f17_X113a_target.ms
2018-03-15 02:41:10	INFO	imager::setDataOnThisMS()	Selecting on fields : NGC1068
2018-03-15 02:41:10	INFO	imager::setDataOnThisMS()	Selecting on spectral windows expression :22
2018-03-15 02:41:10	INFO	imager::setDataOnThisMS()	Selecting on scan : 7,9,11,13,14,18,20,22,24,25,29
2018-03-15 02:41:10	INFO	imager::setDataOnThisMS()	Selected 463540 out of  1390620 rows.
2018-03-15 02:41:10	INFO	imager::setDataOnThisMS()	Selected : [3840 chans in spw 22]
2018-03-15 02:41:12	INFO	imager::advise() 	Advising image properties
2018-03-15 02:47:24	INFO	imager::advise() 	Maximum uv distance = 2.89116e+06 wavelengths
2018-03-15 02:47:24	INFO	imager::advise() +	Recommended cell size < 0.0356716 arcsec
2018-03-15 02:47:24	INFO	imager::advise() 	Recommended number of pixels = 1440
2018-03-15 02:47:24	INFO	imager::advise() +	Dispersion in uv, w distance = 774901, 293904 wavelengths
2018-03-15 02:47:24	INFO	imager::advise() +	Best fitting plane is w = 0.144184 * u + 0.398592 * v
2018-03-15 02:47:24	INFO	imager::advise() +	Dispersion in fitted w = 152437 wavelengths
2018-03-15 02:47:24	INFO	imager::advise() +	Wide field cleaning is not necessary
2018-03-15 02:47:24	INFO	hif_makeimlist::::	Verifying Input Parameters
2018-03-15 02:47:24	INFO	SynthesisImagerVi2::selectData 	MS : /opt/dared/opt/c5r1/mnt/dataproc/2016.1.00023.S_2018_03_09T13_37_06.344/SOUS_uid___A001_X87d_X495/GOUS_uid___A001_X87d_X496/MOUS_uid___A001_X87d_X497/working/uid___A002_Xc27dd7_X2fc3_target.ms | Selecting on fields : NGC1068 | Selecting on spw :22 | [Opened in readonly mode]
2018-03-15 02:47:24	INFO	SynthesisImagerVi2::selectData 	  NRows selected : 529690
2018-03-15 02:47:25	INFO	SynthesisImagerVi2::selectData 	MS : /opt/dared/opt/c5r1/mnt/dataproc/2016.1.00023.S_2018_03_09T13_37_06.344/SOUS_uid___A001_X87d_X495/GOUS_uid___A001_X87d_X496/MOUS_uid___A001_X87d_X497/working/uid___A002_Xc27dd7_X6983_target.ms | Selecting on fields : NGC1068 | Selecting on spw :22 | [Opened in readonly mode]
2018-03-15 02:47:25	INFO	SynthesisImagerVi2::selectData 	  NRows selected : 485100
2018-03-15 02:47:25	INFO	SynthesisImagerVi2::selectData 	MS : /opt/dared/opt/c5r1/mnt/dataproc/2016.1.00023.S_2018_03_09T13_37_06.344/SOUS_uid___A001_X87d_X495/GOUS_uid___A001_X87d_X496/MOUS_uid___A001_X87d_X497/working/uid___A002_Xc27dd7_X6c8e_target.ms | Selecting on fields : NGC1068 | Selecting on spw :22 | [Opened in readonly mode]
2018-03-15 02:47:25	INFO	SynthesisImagerVi2::selectData 	  NRows selected : 425700
2018-03-15 02:47:26	INFO	SynthesisImagerVi2::selectData 	MS : /opt/dared/opt/c5r1/mnt/dataproc/2016.1.00023.S_2018_03_09T13_37_06.344/SOUS_uid___A001_X87d_X495/GOUS_uid___A001_X87d_X496/MOUS_uid___A001_X87d_X497/working/uid___A002_Xc2b007_X877_target.ms | Selecting on fields : NGC1068 | Selecting on spw :22 | [Opened in readonly mode]
2018-03-15 02:47:26	INFO	SynthesisImagerVi2::selectData 	  NRows selected : 485100
2018-03-15 02:47:27	INFO	SynthesisImagerVi2::selectData 	MS : /opt/dared/opt/c5r1/mnt/dataproc/2016.1.00023.S_2018_03_09T13_37_06.344/SOUS_uid___A001_X87d_X495/GOUS_uid___A001_X87d_X496/MOUS_uid___A001_X87d_X497/working/uid___A002_Xc8592e_Xaea3_target.ms | Selecting on fields : NGC1068 | Selecting on spw :22 | [Opened in readonly mode]
2018-03-15 02:47:27	INFO	SynthesisImagerVi2::selectData 	  NRows selected : 529690
2018-03-15 02:47:28	INFO	SynthesisImagerVi2::selectData 	MS : /opt/dared/opt/c5r1/mnt/dataproc/2016.1.00023.S_2018_03_09T13_37_06.344/SOUS_uid___A001_X87d_X495/GOUS_uid___A001_X87d_X496/MOUS_uid___A001_X87d_X497/working/uid___A002_Xc89480_X8c7d_target.ms | Selecting on fields : NGC1068 | Selecting on spw :22 | [Opened in readonly mode]
2018-03-15 02:47:28	INFO	SynthesisImagerVi2::selectData 	  NRows selected : 529690
2018-03-15 02:47:29	INFO	SynthesisImagerVi2::selectData 	MS : /opt/dared/opt/c5r1/mnt/dataproc/2016.1.00023.S_2018_03_09T13_37_06.344/SOUS_uid___A001_X87d_X495/GOUS_uid___A001_X87d_X496/MOUS_uid___A001_X87d_X497/working/uid___A002_Xc96463_X1646_target.ms | Selecting on fields : NGC1068 | Selecting on spw :22 | [Opened in readonly mode]
2018-03-15 02:47:29	INFO	SynthesisImagerVi2::selectData 	  NRows selected : 507150
2018-03-15 02:47:31	INFO	SynthesisImagerVi2::selectData 	MS : /opt/dared/opt/c5r1/mnt/dataproc/2016.1.00023.S_2018_03_09T13_37_06.344/SOUS_uid___A001_X87d_X495/GOUS_uid___A001_X87d_X496/MOUS_uid___A001_X87d_X497/working/uid___A002_Xc96f17_X113a_target.ms | Selecting on fields : NGC1068 | Selecting on spw :22 | [Opened in readonly mode]
2018-03-15 02:47:31	INFO	SynthesisImagerVi2::selectData 	  NRows selected : 463540
2018-03-15 02:47:32	INFO	SynthesisImagerVi2::defineImage 	Define image coordinates for [58670bdb-c3cc-42d1-a64c-7f37159d3e80] : 
2018-03-15 02:47:33	INFO	MSTransformRegridder::calcChanFreqs	 phaseCenter='Direction: [0.75848, 0.651696, -0.000232444]'  Channels equidistant in freq
2018-03-15 02:47:33	INFO	MSTransformRegridder::calcChanFreqs+	 Central frequency (in output frame) = 2.59519e+11 Hz
2018-03-15 02:47:33	INFO	MSTransformRegridder::calcChanFreqs+	 Width of central channel (in output frame) = 488253 Hz
2018-03-15 02:47:33	INFO	MSTransformRegridder::calcChanFreqs+	 Number of channels = 1
2018-03-15 02:47:33	INFO	MSTransformRegridder::calcChanFreqs+	 Total width of SPW (in output frame) = 488253 Hz
2018-03-15 02:47:33	INFO	MSTransformRegridder::calcChanFreqs+	 Lower edge = 2.59519e+11 Hz, upper edge = 2.59519e+11 Hz
2018-03-15 02:47:33	INFO	SynthesisImagerVi2::defineImage 	Impars : start 1920
2018-03-15 02:47:33	INFO	SynthesisImagerVi2::defineImage 	Shape : [3600, 3600, 1, 1]Spectral : [2.59519e+11] at [0] with increment [488253]
2018-03-15 02:47:33	INFO	SynthesisImagerVi2::defineImage 	Set Gridding options for [58670bdb-c3cc-42d1-a64c-7f37159d3e80] with ftmachine : gridft
2018-03-15 02:47:33	INFO	SynthesisImager::tuneSelectData 	Tuning frequency data selection to match image spectral coordinates
2018-03-15 02:47:33	INFO	SynthesisImagerVi2::selectData 	MS : /opt/dared/opt/c5r1/mnt/dataproc/2016.1.00023.S_2018_03_09T13_37_06.344/SOUS_uid___A001_X87d_X495/GOUS_uid___A001_X87d_X496/MOUS_uid___A001_X87d_X497/working/uid___A002_Xc27dd7_X2fc3_target.ms | Selecting on fields : NGC1068 | Selecting on spw :22 | [Opened in readonly mode]
2018-03-15 02:47:33	INFO	SynthesisImagerVi2::selectData 	  NRows selected : 529690
2018-03-15 02:47:33	INFO	SynthesisImagerVi2::selectData 	MS : /opt/dared/opt/c5r1/mnt/dataproc/2016.1.00023.S_2018_03_09T13_37_06.344/SOUS_uid___A001_X87d_X495/GOUS_uid___A001_X87d_X496/MOUS_uid___A001_X87d_X497/working/uid___A002_Xc27dd7_X6983_target.ms | Selecting on fields : NGC1068 | Selecting on spw :22 | [Opened in readonly mode]
2018-03-15 02:47:33	INFO	SynthesisImagerVi2::selectData 	  NRows selected : 485100
2018-03-15 02:47:34	INFO	SynthesisImagerVi2::selectData 	MS : /opt/dared/opt/c5r1/mnt/dataproc/2016.1.00023.S_2018_03_09T13_37_06.344/SOUS_uid___A001_X87d_X495/GOUS_uid___A001_X87d_X496/MOUS_uid___A001_X87d_X497/working/uid___A002_Xc27dd7_X6c8e_target.ms | Selecting on fields : NGC1068 | Selecting on spw :22 | [Opened in readonly mode]
2018-03-15 02:47:34	INFO	SynthesisImagerVi2::selectData 	  NRows selected : 425700
2018-03-15 02:47:34	INFO	SynthesisImagerVi2::selectData 	MS : /opt/dared/opt/c5r1/mnt/dataproc/2016.1.00023.S_2018_03_09T13_37_06.344/SOUS_uid___A001_X87d_X495/GOUS_uid___A001_X87d_X496/MOUS_uid___A001_X87d_X497/working/uid___A002_Xc2b007_X877_target.ms | Selecting on fields : NGC1068 | Selecting on spw :22 | [Opened in readonly mode]
2018-03-15 02:47:34	INFO	SynthesisImagerVi2::selectData 	  NRows selected : 485100
2018-03-15 02:47:35	INFO	SynthesisImagerVi2::selectData 	MS : /opt/dared/opt/c5r1/mnt/dataproc/2016.1.00023.S_2018_03_09T13_37_06.344/SOUS_uid___A001_X87d_X495/GOUS_uid___A001_X87d_X496/MOUS_uid___A001_X87d_X497/working/uid___A002_Xc8592e_Xaea3_target.ms | Selecting on fields : NGC1068 | Selecting on spw :22 | [Opened in readonly mode]
2018-03-15 02:47:35	INFO	SynthesisImagerVi2::selectData 	  NRows selected : 529690
2018-03-15 02:47:36	INFO	SynthesisImagerVi2::selectData 	MS : /opt/dared/opt/c5r1/mnt/dataproc/2016.1.00023.S_2018_03_09T13_37_06.344/SOUS_uid___A001_X87d_X495/GOUS_uid___A001_X87d_X496/MOUS_uid___A001_X87d_X497/working/uid___A002_Xc89480_X8c7d_target.ms | Selecting on fields : NGC1068 | Selecting on spw :22 | [Opened in readonly mode]
2018-03-15 02:47:36	INFO	SynthesisImagerVi2::selectData 	  NRows selected : 529690
2018-03-15 02:47:37	INFO	SynthesisImagerVi2::selectData 	MS : /opt/dared/opt/c5r1/mnt/dataproc/2016.1.00023.S_2018_03_09T13_37_06.344/SOUS_uid___A001_X87d_X495/GOUS_uid___A001_X87d_X496/MOUS_uid___A001_X87d_X497/working/uid___A002_Xc96463_X1646_target.ms | Selecting on fields : NGC1068 | Selecting on spw :22 | [Opened in readonly mode]
2018-03-15 02:47:37	INFO	SynthesisImagerVi2::selectData 	  NRows selected : 507150
2018-03-15 02:47:39	INFO	SynthesisImagerVi2::selectData 	MS : /opt/dared/opt/c5r1/mnt/dataproc/2016.1.00023.S_2018_03_09T13_37_06.344/SOUS_uid___A001_X87d_X495/GOUS_uid___A001_X87d_X496/MOUS_uid___A001_X87d_X497/working/uid___A002_Xc96f17_X113a_target.ms | Selecting on fields : NGC1068 | Selecting on spw :22 | [Opened in readonly mode]
2018-03-15 02:47:39	INFO	SynthesisImagerVi2::selectData 	  NRows selected : 463540
2018-03-15 02:47:40	INFO	SynthesisImagerVi2::weight() 	Set imaging weights : Briggs weighting: sidelobes will be suppressed over full image
2018-03-15 02:47:52	INFO	VisSetUtil::VisImagingWeight() 	Normal robustness, robust = 0.5
2018-03-15 02:47:52	INFO	SynthesisImager::makePSF 	----------------------------------------------------------- Make PSF ---------------------------------------------
2018-03-15 02:48:07	INFO	SynthesisNormalizer::setupImagesOnDisk 	 Found full images : 1
2018-03-15 02:48:07	INFO	SynthesisNormalizer::setupImagesOnDisk 	 Found part images : 0
2018-03-15 02:48:08	INFO	SIImageStore::calcSensitivity 	[58670bdb-c3cc-42d1-a64c-7f37159d3e80] Theoretical sensitivity (Jy/bm):0.000220343 
2018-03-15 02:48:08	INFO	SIImageStore::printBeamSet 	Beam : 0.154557 arcsec, 0.106823 arcsec, -84.1374 deg
2018-03-15 02:48:08	INFO	hif_makeimlist::pipeline.hif.heuristics.imageparams_base::	Using continuum frequency ranges from /opt/dared/opt/c5r1/mnt/dataproc/2016.1.00023.S_2018_03_09T13_37_06.344/SOUS_uid___A001_X87d_X495/GOUS_uid___A001_X87d_X496/MOUS_uid___A001_X87d_X497/working/cont.dat to calculate continuum frequency selections.
2018-03-15 02:48:08	INFO	hif_makeimlist::pipeline.hif.heuristics.imageparams_base::	Using continuum frequency ranges from /opt/dared/opt/c5r1/mnt/dataproc/2016.1.00023.S_2018_03_09T13_37_06.344/SOUS_uid___A001_X87d_X495/GOUS_uid___A001_X87d_X496/MOUS_uid___A001_X87d_X497/working/cont.dat to calculate continuum frequency selections.
2018-03-15 02:48:08	INFO	hif_makeimlist::pipeline.hif.heuristics.imageparams_base::	Using continuum frequency ranges from /opt/dared/opt/c5r1/mnt/dataproc/2016.1.00023.S_2018_03_09T13_37_06.344/SOUS_uid___A001_X87d_X495/GOUS_uid___A001_X87d_X496/MOUS_uid___A001_X87d_X497/working/cont.dat to calculate continuum frequency selections.
