2018-03-10 10:20:27	INFO	hifa_antpos::pipeline.infrastructure.basetask::	Starting execution for stage 8
2018-03-10 10:20:28	INFO	hifa_antpos::pipeline.infrastructure.jobrequest::	Executing gencal(caltable='uid___A002_Xc27dd7_X2fc3.ms.hifa_antpos.s8_1.ants.tbl', vis='uid___A002_Xc27dd7_X2fc3.ms', caltype='antpos', parameter=[-0.000958271, 0.00155018, 0.000152699, -0.000788962, 0.00064963, 0.000131947, 0.000419058, -0.000684923, 6.05728e-05, -0.000430546, 0.00070379, -0.000148189, -0.000120928, 0.000460633, 0.000203546, -0.000154809, 0.00100616, -8.31699e-05, -0.000261328, 0.000128301, 5.50938e-05, -8.65841e-05, -0.000305614, -6.62538e-05, 0.00012069, 0.000304501, 0.000104029, 0.000605469, -0.00108233, -5.0894e-05, 0.000637606, -0.00066644, 0.000165926, -0.000456423, -7.37049e-06, -2.23643e-05, -0.00025195, 0.000277125, 0.0001987, 0.000197452, 0.000333067, 0.000184962, 0.000203735, -0.000141544, 0.00024103, -0.000939723, 0.00281972, -7.42115e-05, -0.000319629, 0.0014786, -7.63014e-05, -0.00125582, 0.00128647, 0.000456582, -0.000622196, 0.00129655, -0.000122128, -6.93563e-05, 0.000153683, -0.000139443, -0.000113951, -0.000280493, 0.000187823, 0.00166911, -0.000710612, -0.000499072, -0.000201202, 0.000597523, 0.000298208, -0.000393121, 0.000788706, 0.000135459, 0.000572264, -9.39099e-05, -4.95068e-05], antenna='DA42,DA43,DA45,DA47,DA48,DA50,DA54,DA55,DA57,DA58,DA62,DV03,DV04,DV05,DV09,DV10,DV12,DV13,DV14,DV16,DV19,DV23,DV24,DV25,PM02')
2018-03-10 10:20:28	INFO	gencal::::	
2018-03-10 10:20:28	INFO	gencal::::+	##########################################
2018-03-10 10:20:28	INFO	gencal::::+	##### Begin Task: gencal             #####
2018-03-10 10:20:28	INFO	gencal::::	gencal(vis="/opt/dared/opt/c5r1/mnt/dataproc/2016.1.00023.S_2018_03_09T13_37_06.344/SOUS_uid___A001_X87d_X495/GOUS_uid___A001_X87d_X496/MOUS_uid___A001_X87d_X497/working/uid___A002_Xc27dd7_X2fc3.ms",caltable="/opt/dared/opt/c5r1/mnt/dataproc/2016.1.00023.S_2018_03_09T13_37_06.344/SOUS_uid___A001_X87d_X495/GOUS_uid___A001_X87d_X496/MOUS_uid___A001_X87d_X497/working/uid___A002_Xc27dd7_X2fc3.ms.hifa_antpos.s8_1.ants.tbl",caltype="antpos",infile="",spw="",
2018-03-10 10:20:28	INFO	gencal::::+	        antenna="DA42,DA43,DA45,DA47,DA48,DA50,DA54,DA55,DA57,DA58,DA62,DV03,DV04,DV05,DV09,DV10,DV12,DV13,DV14,DV16,DV19,DV23,DV24,DV25,PM02",pol="",parameter=[-0.000958271, 0.00155018, 0.000152699, -0.000788962, 0.00064963, 0.000131947, 0.000419058, -0.000684923, 6.05728e-05, -0.000430546, 0.00070379, -0.000148189, -0.000120928, 0.000460633, 0.000203546, -0.000154809, 0.00100616, -8.31699e-05, -0.000261328, 0.000128301, 5.50938e-05, -8.65841e-05, -0.000305614, -6.62538e-05, 0.00012069, 0.000304501, 0.000104029, 0.000605469, -0.00108233, -5.0894e-05, 0.000637606, -0.00066644, 0.000165926, -0.000456423, -7.37049e-06, -2.23643e-05, -0.00025195, 0.000277125, 0.0001987, 0.000197452, 0.000333067, 0.000184962, 0.000203735, -0.000141544, 0.00024103, -0.000939723, 0.00281972, -7.42115e-05, -0.000319629, 0.0014786, -7.63014e-05, -0.00125582, 0.00128647, 0.000456582, -0.000622196, 0.00129655, -0.000122128, -6.93563e-05, 0.000153683, -0.000139443, -0.000113951, -0.000280493, 0.000187823, 0.00166911, -0.000710612, -0.000499072, -0.000201202, 0.000597523, 0.000298208, -0.000393121, 0.000788706, 0.000135459, 0.000572264, -9.39099e-05, -4.95068e-05],uniform=True)
2018-03-10 10:20:28	INFO	calibrater::open	****Using NEW VI2-driven calibrater tool****
2018-03-10 10:20:28	INFO	calibrater::open	Opening MS: /opt/dared/opt/c5r1/mnt/dataproc/2016.1.00023.S_2018_03_09T13_37_06.344/SOUS_uid___A001_X87d_X495/GOUS_uid___A001_X87d_X496/MOUS_uid___A001_X87d_X497/working/uid___A002_Xc27dd7_X2fc3.ms for calibration.
2018-03-10 10:20:28	INFO	Calibrater::	Initializing nominal selection to the whole MS.
2018-03-10 10:20:28	INFO	calibrater::specifycal	Beginning specifycal-----------------------
2018-03-10 10:20:28	INFO		Creating KAntPos Jones table from specified parameters.
2018-03-10 10:20:28	INFO		Writing solutions to table: /opt/dared/opt/c5r1/mnt/dataproc/2016.1.00023.S_2018_03_09T13_37_06.344/SOUS_uid___A001_X87d_X495/GOUS_uid___A001_X87d_X496/MOUS_uid___A001_X87d_X497/working/uid___A002_Xc27dd7_X2fc3.ms.hifa_antpos.s8_1.ants.tbl
2018-03-10 10:20:29	INFO	gencal::::	##### End Task: gencal               #####
2018-03-10 10:20:29	INFO	gencal::::+	##########################################
2018-03-10 10:20:31	INFO	gencal::pipeline.infrastructure.jobrequest::	Executing gencal(caltable='uid___A002_Xc27dd7_X6983.ms.hifa_antpos.s8_3.ants.tbl', vis='uid___A002_Xc27dd7_X6983.ms', caltype='antpos', parameter=[-0.000958271, 0.00155018, 0.000152699, 0.000419058, -0.000684923, 6.05728e-05, -0.000430546, 0.00070379, -0.000148189, -0.000120928, 0.000460633, 0.000203546, -0.000154809, 0.00100616, -8.31699e-05, -0.000261328, 0.000128301, 5.50938e-05, -8.65841e-05, -0.000305614, -6.62538e-05, 0.00012069, 0.000304501, 0.000104029, 0.000605469, -0.00108233, -5.0894e-05, 0.000637606, -0.00066644, 0.000165926, -0.000456423, -7.37049e-06, -2.23643e-05, -0.00025195, 0.000277125, 0.0001987, 0.000197452, 0.000333067, 0.000184962, 0.000203735, -0.000141544, 0.00024103, -0.000939723, 0.00281972, -7.42115e-05, -0.000319629, 0.0014786, -7.63014e-05, -0.00125582, 0.00128647, 0.000456582, -0.000622196, 0.00129655, -0.000122128, -6.93563e-05, 0.000153683, -0.000139443, -0.000113951, -0.000280493, 0.000187823, 0.00166911, -0.000710612, -0.000499072, -0.000201202, 0.000597523, 0.000298208, -0.000393121, 0.000788706, 0.000135459, 0.000572264, -9.39099e-05, -4.95068e-05], antenna='DA42,DA45,DA47,DA48,DA50,DA54,DA55,DA57,DA58,DA62,DV03,DV04,DV05,DV09,DV10,DV12,DV13,DV14,DV16,DV19,DV23,DV24,DV25,PM02')
2018-03-10 10:20:31	INFO	gencal::::	
2018-03-10 10:20:31	INFO	gencal::::+	##########################################
2018-03-10 10:20:31	INFO	gencal::::+	##### Begin Task: gencal             #####
2018-03-10 10:20:31	INFO	gencal::::	gencal(vis="/opt/dared/opt/c5r1/mnt/dataproc/2016.1.00023.S_2018_03_09T13_37_06.344/SOUS_uid___A001_X87d_X495/GOUS_uid___A001_X87d_X496/MOUS_uid___A001_X87d_X497/working/uid___A002_Xc27dd7_X6983.ms",caltable="/opt/dared/opt/c5r1/mnt/dataproc/2016.1.00023.S_2018_03_09T13_37_06.344/SOUS_uid___A001_X87d_X495/GOUS_uid___A001_X87d_X496/MOUS_uid___A001_X87d_X497/working/uid___A002_Xc27dd7_X6983.ms.hifa_antpos.s8_3.ants.tbl",caltype="antpos",infile="",spw="",
2018-03-10 10:20:31	INFO	gencal::::+	        antenna="DA42,DA45,DA47,DA48,DA50,DA54,DA55,DA57,DA58,DA62,DV03,DV04,DV05,DV09,DV10,DV12,DV13,DV14,DV16,DV19,DV23,DV24,DV25,PM02",pol="",parameter=[-0.000958271, 0.00155018, 0.000152699, 0.000419058, -0.000684923, 6.05728e-05, -0.000430546, 0.00070379, -0.000148189, -0.000120928, 0.000460633, 0.000203546, -0.000154809, 0.00100616, -8.31699e-05, -0.000261328, 0.000128301, 5.50938e-05, -8.65841e-05, -0.000305614, -6.62538e-05, 0.00012069, 0.000304501, 0.000104029, 0.000605469, -0.00108233, -5.0894e-05, 0.000637606, -0.00066644, 0.000165926, -0.000456423, -7.37049e-06, -2.23643e-05, -0.00025195, 0.000277125, 0.0001987, 0.000197452, 0.000333067, 0.000184962, 0.000203735, -0.000141544, 0.00024103, -0.000939723, 0.00281972, -7.42115e-05, -0.000319629, 0.0014786, -7.63014e-05, -0.00125582, 0.00128647, 0.000456582, -0.000622196, 0.00129655, -0.000122128, -6.93563e-05, 0.000153683, -0.000139443, -0.000113951, -0.000280493, 0.000187823, 0.00166911, -0.000710612, -0.000499072, -0.000201202, 0.000597523, 0.000298208, -0.000393121, 0.000788706, 0.000135459, 0.000572264, -9.39099e-05, -4.95068e-05],uniform=True)
2018-03-10 10:20:31	INFO	calibrater::open	****Using NEW VI2-driven calibrater tool****
2018-03-10 10:20:31	INFO	calibrater::open	Opening MS: /opt/dared/opt/c5r1/mnt/dataproc/2016.1.00023.S_2018_03_09T13_37_06.344/SOUS_uid___A001_X87d_X495/GOUS_uid___A001_X87d_X496/MOUS_uid___A001_X87d_X497/working/uid___A002_Xc27dd7_X6983.ms for calibration.
2018-03-10 10:20:31	INFO	Calibrater::	Initializing nominal selection to the whole MS.
2018-03-10 10:20:31	INFO	calibrater::specifycal	Beginning specifycal-----------------------
2018-03-10 10:20:31	INFO		Creating KAntPos Jones table from specified parameters.
2018-03-10 10:20:31	INFO		Writing solutions to table: /opt/dared/opt/c5r1/mnt/dataproc/2016.1.00023.S_2018_03_09T13_37_06.344/SOUS_uid___A001_X87d_X495/GOUS_uid___A001_X87d_X496/MOUS_uid___A001_X87d_X497/working/uid___A002_Xc27dd7_X6983.ms.hifa_antpos.s8_3.ants.tbl
2018-03-10 10:20:32	INFO	gencal::::	##### End Task: gencal               #####
2018-03-10 10:20:32	INFO	gencal::::+	##########################################
2018-03-10 10:20:35	INFO	gencal::pipeline.infrastructure.jobrequest::	Executing gencal(caltable='uid___A002_Xc27dd7_X6c8e.ms.hifa_antpos.s8_5.ants.tbl', vis='uid___A002_Xc27dd7_X6c8e.ms', caltype='antpos', parameter=[-0.000958271, 0.00155018, 0.000152699, 0.000419058, -0.000684923, 6.05728e-05, -0.000430546, 0.00070379, -0.000148189, -0.000120928, 0.000460633, 0.000203546, -0.000154809, 0.00100616, -8.31699e-05, -0.000261328, 0.000128301, 5.50938e-05, -8.65841e-05, -0.000305614, -6.62538e-05, 0.00012069, 0.000304501, 0.000104029, 0.000605469, -0.00108233, -5.0894e-05, 0.000637606, -0.00066644, 0.000165926, -0.000456423, -7.37049e-06, -2.23643e-05, -0.00025195, 0.000277125, 0.0001987, 0.000197452, 0.000333067, 0.000184962, 0.000203735, -0.000141544, 0.00024103, -0.000939723, 0.00281972, -7.42115e-05, -0.000319629, 0.0014786, -7.63014e-05, -0.00125582, 0.00128647, 0.000456582, -0.000622196, 0.00129655, -0.000122128, -6.93563e-05, 0.000153683, -0.000139443, -0.000113951, -0.000280493, 0.000187823, 0.00166911, -0.000710612, -0.000499072, -0.000201202, 0.000597523, 0.000298208, -0.000393121, 0.000788706, 0.000135459, 0.000572264, -9.39099e-05, -4.95068e-05], antenna='DA42,DA45,DA47,DA48,DA50,DA54,DA55,DA57,DA58,DA62,DV03,DV04,DV05,DV09,DV10,DV12,DV13,DV14,DV16,DV19,DV23,DV24,DV25,PM02')
2018-03-10 10:20:35	INFO	gencal::::	
2018-03-10 10:20:35	INFO	gencal::::+	##########################################
2018-03-10 10:20:35	INFO	gencal::::+	##### Begin Task: gencal             #####
2018-03-10 10:20:35	INFO	gencal::::	gencal(vis="/opt/dared/opt/c5r1/mnt/dataproc/2016.1.00023.S_2018_03_09T13_37_06.344/SOUS_uid___A001_X87d_X495/GOUS_uid___A001_X87d_X496/MOUS_uid___A001_X87d_X497/working/uid___A002_Xc27dd7_X6c8e.ms",caltable="/opt/dared/opt/c5r1/mnt/dataproc/2016.1.00023.S_2018_03_09T13_37_06.344/SOUS_uid___A001_X87d_X495/GOUS_uid___A001_X87d_X496/MOUS_uid___A001_X87d_X497/working/uid___A002_Xc27dd7_X6c8e.ms.hifa_antpos.s8_5.ants.tbl",caltype="antpos",infile="",spw="",
2018-03-10 10:20:35	INFO	gencal::::+	        antenna="DA42,DA45,DA47,DA48,DA50,DA54,DA55,DA57,DA58,DA62,DV03,DV04,DV05,DV09,DV10,DV12,DV13,DV14,DV16,DV19,DV23,DV24,DV25,PM02",pol="",parameter=[-0.000958271, 0.00155018, 0.000152699, 0.000419058, -0.000684923, 6.05728e-05, -0.000430546, 0.00070379, -0.000148189, -0.000120928, 0.000460633, 0.000203546, -0.000154809, 0.00100616, -8.31699e-05, -0.000261328, 0.000128301, 5.50938e-05, -8.65841e-05, -0.000305614, -6.62538e-05, 0.00012069, 0.000304501, 0.000104029, 0.000605469, -0.00108233, -5.0894e-05, 0.000637606, -0.00066644, 0.000165926, -0.000456423, -7.37049e-06, -2.23643e-05, -0.00025195, 0.000277125, 0.0001987, 0.000197452, 0.000333067, 0.000184962, 0.000203735, -0.000141544, 0.00024103, -0.000939723, 0.00281972, -7.42115e-05, -0.000319629, 0.0014786, -7.63014e-05, -0.00125582, 0.00128647, 0.000456582, -0.000622196, 0.00129655, -0.000122128, -6.93563e-05, 0.000153683, -0.000139443, -0.000113951, -0.000280493, 0.000187823, 0.00166911, -0.000710612, -0.000499072, -0.000201202, 0.000597523, 0.000298208, -0.000393121, 0.000788706, 0.000135459, 0.000572264, -9.39099e-05, -4.95068e-05],uniform=True)
2018-03-10 10:20:35	INFO	calibrater::open	****Using NEW VI2-driven calibrater tool****
2018-03-10 10:20:35	INFO	calibrater::open	Opening MS: /opt/dared/opt/c5r1/mnt/dataproc/2016.1.00023.S_2018_03_09T13_37_06.344/SOUS_uid___A001_X87d_X495/GOUS_uid___A001_X87d_X496/MOUS_uid___A001_X87d_X497/working/uid___A002_Xc27dd7_X6c8e.ms for calibration.
2018-03-10 10:20:35	INFO	Calibrater::	Initializing nominal selection to the whole MS.
2018-03-10 10:20:35	INFO	calibrater::specifycal	Beginning specifycal-----------------------
2018-03-10 10:20:35	INFO		Creating KAntPos Jones table from specified parameters.
2018-03-10 10:20:35	INFO		Writing solutions to table: /opt/dared/opt/c5r1/mnt/dataproc/2016.1.00023.S_2018_03_09T13_37_06.344/SOUS_uid___A001_X87d_X495/GOUS_uid___A001_X87d_X496/MOUS_uid___A001_X87d_X497/working/uid___A002_Xc27dd7_X6c8e.ms.hifa_antpos.s8_5.ants.tbl
2018-03-10 10:20:35	INFO	gencal::::	##### End Task: gencal               #####
2018-03-10 10:20:35	INFO	gencal::::+	##########################################
2018-03-10 10:20:38	INFO	gencal::pipeline.infrastructure.jobrequest::	Executing gencal(caltable='uid___A002_Xc2b007_X877.ms.hifa_antpos.s8_7.ants.tbl', vis='uid___A002_Xc2b007_X877.ms', caltype='antpos', parameter=[-0.000958271, 0.00155018, 0.000152699, -0.000788962, 0.00064963, 0.000131947, 0.000419058, -0.000684923, 6.05728e-05, -0.000120928, 0.000460633, 0.000203546, -0.000154809, 0.00100616, -8.31699e-05, -0.000261328, 0.000128301, 5.50938e-05, -8.65841e-05, -0.000305614, -6.62538e-05, 0.00012069, 0.000304501, 0.000104029, 0.000605469, -0.00108233, -5.0894e-05, 3.75221e-05, 0.000177004, 0.000200708, 0.000637606, -0.00066644, 0.000165926, -0.000456423, -7.37049e-06, -2.23643e-05, -0.00025195, 0.000277125, 0.0001987, 0.000197452, 0.000333067, 0.000184962, 0.000203735, -0.000141544, 0.00024103, -0.000939723, 0.00281972, -7.42115e-05, -0.000319629, 0.0014786, -7.63014e-05, -0.00125582, 0.00128647, 0.000456582, -0.000622196, 0.00129655, -0.000122128, -6.93563e-05, 0.000153683, -0.000139443, -0.000113951, -0.000280493, 0.000187823, 0.00166911, -0.000710612, -0.000499072, -0.000201202, 0.000597523, 0.000298208, -0.000393121, 0.000788706, 0.000135459, 0.000572264, -9.39099e-05, -4.95068e-05, -0.00111039, 0.00321725, 0.000358911], antenna='DA42,DA43,DA45,DA48,DA50,DA54,DA55,DA57,DA58,DA61,DA62,DV03,DV04,DV05,DV09,DV10,DV12,DV13,DV14,DV16,DV19,DV23,DV24,DV25,PM02,PM03')
2018-03-10 10:20:38	INFO	gencal::::	
2018-03-10 10:20:38	INFO	gencal::::+	##########################################
2018-03-10 10:20:38	INFO	gencal::::+	##### Begin Task: gencal             #####
2018-03-10 10:20:38	INFO	gencal::::	gencal(vis="/opt/dared/opt/c5r1/mnt/dataproc/2016.1.00023.S_2018_03_09T13_37_06.344/SOUS_uid___A001_X87d_X495/GOUS_uid___A001_X87d_X496/MOUS_uid___A001_X87d_X497/working/uid___A002_Xc2b007_X877.ms",caltable="/opt/dared/opt/c5r1/mnt/dataproc/2016.1.00023.S_2018_03_09T13_37_06.344/SOUS_uid___A001_X87d_X495/GOUS_uid___A001_X87d_X496/MOUS_uid___A001_X87d_X497/working/uid___A002_Xc2b007_X877.ms.hifa_antpos.s8_7.ants.tbl",caltype="antpos",infile="",spw="",
2018-03-10 10:20:38	INFO	gencal::::+	        antenna="DA42,DA43,DA45,DA48,DA50,DA54,DA55,DA57,DA58,DA61,DA62,DV03,DV04,DV05,DV09,DV10,DV12,DV13,DV14,DV16,DV19,DV23,DV24,DV25,PM02,PM03",pol="",parameter=[-0.000958271, 0.00155018, 0.000152699, -0.000788962, 0.00064963, 0.000131947, 0.000419058, -0.000684923, 6.05728e-05, -0.000120928, 0.000460633, 0.000203546, -0.000154809, 0.00100616, -8.31699e-05, -0.000261328, 0.000128301, 5.50938e-05, -8.65841e-05, -0.000305614, -6.62538e-05, 0.00012069, 0.000304501, 0.000104029, 0.000605469, -0.00108233, -5.0894e-05, 3.75221e-05, 0.000177004, 0.000200708, 0.000637606, -0.00066644, 0.000165926, -0.000456423, -7.37049e-06, -2.23643e-05, -0.00025195, 0.000277125, 0.0001987, 0.000197452, 0.000333067, 0.000184962, 0.000203735, -0.000141544, 0.00024103, -0.000939723, 0.00281972, -7.42115e-05, -0.000319629, 0.0014786, -7.63014e-05, -0.00125582, 0.00128647, 0.000456582, -0.000622196, 0.00129655, -0.000122128, -6.93563e-05, 0.000153683, -0.000139443, -0.000113951, -0.000280493, 0.000187823, 0.00166911, -0.000710612, -0.000499072, -0.000201202, 0.000597523, 0.000298208, -0.000393121, 0.000788706, 0.000135459, 0.000572264, -9.39099e-05, -4.95068e-05, -0.00111039, 0.00321725, 0.000358911],uniform=True)
2018-03-10 10:20:38	INFO	calibrater::open	****Using NEW VI2-driven calibrater tool****
2018-03-10 10:20:38	INFO	calibrater::open	Opening MS: /opt/dared/opt/c5r1/mnt/dataproc/2016.1.00023.S_2018_03_09T13_37_06.344/SOUS_uid___A001_X87d_X495/GOUS_uid___A001_X87d_X496/MOUS_uid___A001_X87d_X497/working/uid___A002_Xc2b007_X877.ms for calibration.
2018-03-10 10:20:38	INFO	Calibrater::	Initializing nominal selection to the whole MS.
2018-03-10 10:20:38	INFO	calibrater::specifycal	Beginning specifycal-----------------------
2018-03-10 10:20:38	INFO		Creating KAntPos Jones table from specified parameters.
2018-03-10 10:20:38	INFO		Writing solutions to table: /opt/dared/opt/c5r1/mnt/dataproc/2016.1.00023.S_2018_03_09T13_37_06.344/SOUS_uid___A001_X87d_X495/GOUS_uid___A001_X87d_X496/MOUS_uid___A001_X87d_X497/working/uid___A002_Xc2b007_X877.ms.hifa_antpos.s8_7.ants.tbl
2018-03-10 10:20:38	INFO	gencal::::	##### End Task: gencal               #####
2018-03-10 10:20:38	INFO	gencal::::+	##########################################
2018-03-10 10:20:41	INFO	gencal::pipeline.infrastructure.jobrequest::	Executing gencal(caltable='uid___A002_Xc8592e_Xaea3.ms.hifa_antpos.s8_9.ants.tbl', vis='uid___A002_Xc8592e_Xaea3.ms', caltype='antpos', parameter=[-0.000224034, 0.000560846, 5.30174e-05, -1.9568e-05, 0.000499547, 0.000162531, 7.4939e-05, 0.000252565, 5.08937e-05, -0.000421727, 0.00109451, 0.000438716, 9.11857e-05, 0.000160062, -1.71573e-05, 0.000398466, -0.000683681, -0.000367813, 0.000379109, -0.000113295, -0.000211257, -0.000221331, 0.000554393, 0.000167316, -0.000290802, 0.00103316, 0.000338398, 0.000498023, -0.00089269, -0.000519646, 0.00025907, -0.000377194, -0.000285423, 0.000184043, 5.19186e-05, -1.56412e-05, -0.000376209, 0.000824505, 0.000284744, 0.000157472, -4.63086e-06, -0.000164848, 0.000342332, -0.00071547, -0.000320177, 1.90593e-05, 0.000391883, 0.00015553, -0.00013122, 0.000603422, 0.000140662, 0.000289878, 0.000390147, 0.000229889, 0.000729142, -0.00109842, -0.000514426, 0.000545672, -0.000710713, -0.000243412, 0.000170738, -1.85744e-05, -0.000101851, -9.46586e-05, 0.000743842, 0.000294957, 0.000221853, 0.000197205, -1.48408e-05, 0.000195242, -3.09346e-05, -4.76387e-05, -0.000104122, 0.000822402, 0.000394492, 1.68857e-07, 0.000633483, 9.23297e-05], antenna='DA46,DA49,DA50,DA53,DA56,DA59,DA60,DA62,DA63,DA64,DA65,DV01,DV02,DV03,DV04,DV05,DV09,DV10,DV14,DV15,DV16,DV20,DV22,DV23,DV24,DV25')
2018-03-10 10:20:41	INFO	gencal::::	
2018-03-10 10:20:41	INFO	gencal::::+	##########################################
2018-03-10 10:20:41	INFO	gencal::::+	##### Begin Task: gencal             #####
2018-03-10 10:20:41	INFO	gencal::::	gencal(vis="/opt/dared/opt/c5r1/mnt/dataproc/2016.1.00023.S_2018_03_09T13_37_06.344/SOUS_uid___A001_X87d_X495/GOUS_uid___A001_X87d_X496/MOUS_uid___A001_X87d_X497/working/uid___A002_Xc8592e_Xaea3.ms",caltable="/opt/dared/opt/c5r1/mnt/dataproc/2016.1.00023.S_2018_03_09T13_37_06.344/SOUS_uid___A001_X87d_X495/GOUS_uid___A001_X87d_X496/MOUS_uid___A001_X87d_X497/working/uid___A002_Xc8592e_Xaea3.ms.hifa_antpos.s8_9.ants.tbl",caltype="antpos",infile="",spw="",
2018-03-10 10:20:41	INFO	gencal::::+	        antenna="DA46,DA49,DA50,DA53,DA56,DA59,DA60,DA62,DA63,DA64,DA65,DV01,DV02,DV03,DV04,DV05,DV09,DV10,DV14,DV15,DV16,DV20,DV22,DV23,DV24,DV25",pol="",parameter=[-0.000224034, 0.000560846, 5.30174e-05, -1.9568e-05, 0.000499547, 0.000162531, 7.4939e-05, 0.000252565, 5.08937e-05, -0.000421727, 0.00109451, 0.000438716, 9.11857e-05, 0.000160062, -1.71573e-05, 0.000398466, -0.000683681, -0.000367813, 0.000379109, -0.000113295, -0.000211257, -0.000221331, 0.000554393, 0.000167316, -0.000290802, 0.00103316, 0.000338398, 0.000498023, -0.00089269, -0.000519646, 0.00025907, -0.000377194, -0.000285423, 0.000184043, 5.19186e-05, -1.56412e-05, -0.000376209, 0.000824505, 0.000284744, 0.000157472, -4.63086e-06, -0.000164848, 0.000342332, -0.00071547, -0.000320177, 1.90593e-05, 0.000391883, 0.00015553, -0.00013122, 0.000603422, 0.000140662, 0.000289878, 0.000390147, 0.000229889, 0.000729142, -0.00109842, -0.000514426, 0.000545672, -0.000710713, -0.000243412, 0.000170738, -1.85744e-05, -0.000101851, -9.46586e-05, 0.000743842, 0.000294957, 0.000221853, 0.000197205, -1.48408e-05, 0.000195242, -3.09346e-05, -4.76387e-05, -0.000104122, 0.000822402, 0.000394492, 1.68857e-07, 0.000633483, 9.23297e-05],uniform=True)
2018-03-10 10:20:41	INFO	calibrater::open	****Using NEW VI2-driven calibrater tool****
2018-03-10 10:20:41	INFO	calibrater::open	Opening MS: /opt/dared/opt/c5r1/mnt/dataproc/2016.1.00023.S_2018_03_09T13_37_06.344/SOUS_uid___A001_X87d_X495/GOUS_uid___A001_X87d_X496/MOUS_uid___A001_X87d_X497/working/uid___A002_Xc8592e_Xaea3.ms for calibration.
2018-03-10 10:20:42	INFO	Calibrater::	Initializing nominal selection to the whole MS.
2018-03-10 10:20:42	INFO	calibrater::specifycal	Beginning specifycal-----------------------
2018-03-10 10:20:42	INFO		Creating KAntPos Jones table from specified parameters.
2018-03-10 10:20:42	INFO		Writing solutions to table: /opt/dared/opt/c5r1/mnt/dataproc/2016.1.00023.S_2018_03_09T13_37_06.344/SOUS_uid___A001_X87d_X495/GOUS_uid___A001_X87d_X496/MOUS_uid___A001_X87d_X497/working/uid___A002_Xc8592e_Xaea3.ms.hifa_antpos.s8_9.ants.tbl
2018-03-10 10:20:42	INFO	gencal::::	##### End Task: gencal               #####
2018-03-10 10:20:42	INFO	gencal::::+	##########################################
2018-03-10 10:20:45	INFO	gencal::pipeline.infrastructure.jobrequest::	Executing gencal(caltable='uid___A002_Xc89480_X8c7d.ms.hifa_antpos.s8_11.ants.tbl', vis='uid___A002_Xc89480_X8c7d.ms', caltype='antpos', parameter=[-0.000224034, 0.000560846, 5.30174e-05, 0.000263729, -0.000206301, 3.57005e-05, -1.9568e-05, 0.000499547, 0.000162531, 7.4939e-05, 0.000252565, 5.08937e-05, -0.000421727, 0.00109451, 0.000438716, 9.11857e-05, 0.000160062, -1.71573e-05, 0.000398466, -0.000683681, -0.000367813, 0.000379109, -0.000113295, -0.000211257, -0.000221331, 0.000554393, 0.000167316, -0.000290802, 0.00103316, 0.000338398, 0.000498023, -0.00089269, -0.000519646, 0.00025907, -0.000377194, -0.000285423, 0.000184043, 5.19186e-05, -1.56412e-05, 0.000157472, -4.63086e-06, -0.000164848, 0.000342332, -0.00071547, -0.000320177, -4.82038e-05, 0.000593338, 5.72274e-05, -0.00013122, 0.000603422, 0.000140662, 0.000289878, 0.000390147, 0.000229889, 0.000729142, -0.00109842, -0.000514426, 0.000545672, -0.000710713, -0.000243412, 0.000170738, -1.85744e-05, -0.000101851, -9.46586e-05, 0.000743842, 0.000294957, 0.000221853, 0.000197205, -1.48408e-05, 0.000195242, -3.09346e-05, -4.76387e-05, -0.000104122, 0.000822402, 0.000394492, 1.68857e-07, 0.000633483, 9.23297e-05], antenna='DA46,DA47,DA49,DA50,DA53,DA56,DA59,DA60,DA62,DA63,DA64,DA65,DV01,DV03,DV04,DV06,DV09,DV10,DV14,DV15,DV16,DV20,DV22,DV23,DV24,DV25')
2018-03-10 10:20:45	INFO	gencal::::	
2018-03-10 10:20:45	INFO	gencal::::+	##########################################
2018-03-10 10:20:45	INFO	gencal::::+	##### Begin Task: gencal             #####
2018-03-10 10:20:45	INFO	gencal::::	gencal(vis="/opt/dared/opt/c5r1/mnt/dataproc/2016.1.00023.S_2018_03_09T13_37_06.344/SOUS_uid___A001_X87d_X495/GOUS_uid___A001_X87d_X496/MOUS_uid___A001_X87d_X497/working/uid___A002_Xc89480_X8c7d.ms",caltable="/opt/dared/opt/c5r1/mnt/dataproc/2016.1.00023.S_2018_03_09T13_37_06.344/SOUS_uid___A001_X87d_X495/GOUS_uid___A001_X87d_X496/MOUS_uid___A001_X87d_X497/working/uid___A002_Xc89480_X8c7d.ms.hifa_antpos.s8_11.ants.tbl",caltype="antpos",infile="",spw="",
2018-03-10 10:20:45	INFO	gencal::::+	        antenna="DA46,DA47,DA49,DA50,DA53,DA56,DA59,DA60,DA62,DA63,DA64,DA65,DV01,DV03,DV04,DV06,DV09,DV10,DV14,DV15,DV16,DV20,DV22,DV23,DV24,DV25",pol="",parameter=[-0.000224034, 0.000560846, 5.30174e-05, 0.000263729, -0.000206301, 3.57005e-05, -1.9568e-05, 0.000499547, 0.000162531, 7.4939e-05, 0.000252565, 5.08937e-05, -0.000421727, 0.00109451, 0.000438716, 9.11857e-05, 0.000160062, -1.71573e-05, 0.000398466, -0.000683681, -0.000367813, 0.000379109, -0.000113295, -0.000211257, -0.000221331, 0.000554393, 0.000167316, -0.000290802, 0.00103316, 0.000338398, 0.000498023, -0.00089269, -0.000519646, 0.00025907, -0.000377194, -0.000285423, 0.000184043, 5.19186e-05, -1.56412e-05, 0.000157472, -4.63086e-06, -0.000164848, 0.000342332, -0.00071547, -0.000320177, -4.82038e-05, 0.000593338, 5.72274e-05, -0.00013122, 0.000603422, 0.000140662, 0.000289878, 0.000390147, 0.000229889, 0.000729142, -0.00109842, -0.000514426, 0.000545672, -0.000710713, -0.000243412, 0.000170738, -1.85744e-05, -0.000101851, -9.46586e-05, 0.000743842, 0.000294957, 0.000221853, 0.000197205, -1.48408e-05, 0.000195242, -3.09346e-05, -4.76387e-05, -0.000104122, 0.000822402, 0.000394492, 1.68857e-07, 0.000633483, 9.23297e-05],uniform=True)
2018-03-10 10:20:45	INFO	calibrater::open	****Using NEW VI2-driven calibrater tool****
2018-03-10 10:20:45	INFO	calibrater::open	Opening MS: /opt/dared/opt/c5r1/mnt/dataproc/2016.1.00023.S_2018_03_09T13_37_06.344/SOUS_uid___A001_X87d_X495/GOUS_uid___A001_X87d_X496/MOUS_uid___A001_X87d_X497/working/uid___A002_Xc89480_X8c7d.ms for calibration.
2018-03-10 10:20:45	INFO	Calibrater::	Initializing nominal selection to the whole MS.
2018-03-10 10:20:45	INFO	calibrater::specifycal	Beginning specifycal-----------------------
2018-03-10 10:20:45	INFO		Creating KAntPos Jones table from specified parameters.
2018-03-10 10:20:45	INFO		Writing solutions to table: /opt/dared/opt/c5r1/mnt/dataproc/2016.1.00023.S_2018_03_09T13_37_06.344/SOUS_uid___A001_X87d_X495/GOUS_uid___A001_X87d_X496/MOUS_uid___A001_X87d_X497/working/uid___A002_Xc89480_X8c7d.ms.hifa_antpos.s8_11.ants.tbl
2018-03-10 10:20:45	INFO	gencal::::	##### End Task: gencal               #####
2018-03-10 10:20:45	INFO	gencal::::+	##########################################
2018-03-10 10:20:48	INFO	gencal::pipeline.infrastructure.jobrequest::	Executing gencal(caltable='uid___A002_Xc96463_X1646.ms.hifa_antpos.s8_13.ants.tbl', vis='uid___A002_Xc96463_X1646.ms', caltype='antpos', parameter=[-0.000283316, 0.000394194, 1.04618e-05, 9.46442e-05, -0.000133657, -0.000293142, -5.99255e-05, 0.000252173, -0.000115476, -0.000400533, 0.0005936, 2.35401e-05, -0.000224034, 0.000560846, 5.30174e-05, 0.000263729, -0.000206301, 3.57005e-05, -1.9568e-05, 0.000499547, 0.000162531, 7.4939e-05, 0.000252565, 5.08937e-05, -0.000421727, 0.00109451, 0.000438716, -3.64642e-05, 0.000295236, 0.000199344, 9.11857e-05, 0.000160062, -1.71573e-05, 0.000398466, -0.000683681, -0.000367813, 0.000379109, -0.000113295, -0.000211257, -0.000221331, 0.000554393, 0.000167316, -0.000290802, 0.00103316, 0.000338398, 0.000498023, -0.00089269, -0.000519646, 0.000184043, 5.19186e-05, -1.56412e-05, -0.000376209, 0.000824505, 0.000284744, 0.000157472, -4.63086e-06, -0.000164848, 0.000342332, -0.00071547, -0.000320177, 1.90593e-05, 0.000391883, 0.00015553, -4.82038e-05, 0.000593338, 5.72274e-05, 0.00029465, -0.000649069, -0.000408222, -0.00013122, 0.000603422, 0.000140662, 0.000289878, 0.000390147, 0.000229889, 0.000102304, 0.000436675, 0.000149966, 0.000729142, -0.00109842, -0.000514426, 0.000545672, -0.000710713, -0.000243412, 0.000170738, -1.85744e-05, -0.000101851, -9.46586e-05, 0.000743842, 0.000294957, 0.000221853, 0.000197205, -1.48408e-05, 0.000195242, -3.09346e-05, -4.76387e-05, -0.000104122, 0.000822402, 0.000394492, 1.68857e-07, 0.000633483, 9.23297e-05, 4.51454e-06, 0.00039312, -9.6755e-05], antenna='DA41,DA42,DA43,DA44,DA46,DA47,DA49,DA50,DA53,DA55,DA56,DA59,DA60,DA62,DA63,DA64,DV01,DV02,DV03,DV04,DV05,DV06,DV07,DV09,DV10,DV11,DV14,DV15,DV16,DV20,DV22,DV23,DV24,DV25,PM03')
2018-03-10 10:20:48	INFO	gencal::::	
2018-03-10 10:20:48	INFO	gencal::::+	##########################################
2018-03-10 10:20:48	INFO	gencal::::+	##### Begin Task: gencal             #####
2018-03-10 10:20:48	INFO	gencal::::	gencal(vis="/opt/dared/opt/c5r1/mnt/dataproc/2016.1.00023.S_2018_03_09T13_37_06.344/SOUS_uid___A001_X87d_X495/GOUS_uid___A001_X87d_X496/MOUS_uid___A001_X87d_X497/working/uid___A002_Xc96463_X1646.ms",caltable="/opt/dared/opt/c5r1/mnt/dataproc/2016.1.00023.S_2018_03_09T13_37_06.344/SOUS_uid___A001_X87d_X495/GOUS_uid___A001_X87d_X496/MOUS_uid___A001_X87d_X497/working/uid___A002_Xc96463_X1646.ms.hifa_antpos.s8_13.ants.tbl",caltype="antpos",infile="",spw="",
2018-03-10 10:20:48	INFO	gencal::::+	        antenna="DA41,DA42,DA43,DA44,DA46,DA47,DA49,DA50,DA53,DA55,DA56,DA59,DA60,DA62,DA63,DA64,DV01,DV02,DV03,DV04,DV05,DV06,DV07,DV09,DV10,DV11,DV14,DV15,DV16,DV20,DV22,DV23,DV24,DV25,PM03",pol="",parameter=[-0.000283316, 0.000394194, 1.04618e-05, 9.46442e-05, -0.000133657, -0.000293142, -5.99255e-05, 0.000252173, -0.000115476, -0.000400533, 0.0005936, 2.35401e-05, -0.000224034, 0.000560846, 5.30174e-05, 0.000263729, -0.000206301, 3.57005e-05, -1.9568e-05, 0.000499547, 0.000162531, 7.4939e-05, 0.000252565, 5.08937e-05, -0.000421727, 0.00109451, 0.000438716, -3.64642e-05, 0.000295236, 0.000199344, 9.11857e-05, 0.000160062, -1.71573e-05, 0.000398466, -0.000683681, -0.000367813, 0.000379109, -0.000113295, -0.000211257, -0.000221331, 0.000554393, 0.000167316, -0.000290802, 0.00103316, 0.000338398, 0.000498023, -0.00089269, -0.000519646, 0.000184043, 5.19186e-05, -1.56412e-05, -0.000376209, 0.000824505, 0.000284744, 0.000157472, -4.63086e-06, -0.000164848, 0.000342332, -0.00071547, -0.000320177, 1.90593e-05, 0.000391883, 0.00015553, -4.82038e-05, 0.000593338, 5.72274e-05, 0.00029465, -0.000649069, -0.000408222, -0.00013122, 0.000603422, 0.000140662, 0.000289878, 0.000390147, 0.000229889, 0.000102304, 0.000436675, 0.000149966, 0.000729142, -0.00109842, -0.000514426, 0.000545672, -0.000710713, -0.000243412, 0.000170738, -1.85744e-05, -0.000101851, -9.46586e-05, 0.000743842, 0.000294957, 0.000221853, 0.000197205, -1.48408e-05, 0.000195242, -3.09346e-05, -4.76387e-05, -0.000104122, 0.000822402, 0.000394492, 1.68857e-07, 0.000633483, 9.23297e-05, 4.51454e-06, 0.00039312, -9.6755e-05],uniform=True)
2018-03-10 10:20:48	INFO	calibrater::open	****Using NEW VI2-driven calibrater tool****
2018-03-10 10:20:48	INFO	calibrater::open	Opening MS: /opt/dared/opt/c5r1/mnt/dataproc/2016.1.00023.S_2018_03_09T13_37_06.344/SOUS_uid___A001_X87d_X495/GOUS_uid___A001_X87d_X496/MOUS_uid___A001_X87d_X497/working/uid___A002_Xc96463_X1646.ms for calibration.
2018-03-10 10:20:48	INFO	Calibrater::	Initializing nominal selection to the whole MS.
2018-03-10 10:20:48	INFO	calibrater::specifycal	Beginning specifycal-----------------------
2018-03-10 10:20:48	INFO		Creating KAntPos Jones table from specified parameters.
2018-03-10 10:20:48	INFO		Writing solutions to table: /opt/dared/opt/c5r1/mnt/dataproc/2016.1.00023.S_2018_03_09T13_37_06.344/SOUS_uid___A001_X87d_X495/GOUS_uid___A001_X87d_X496/MOUS_uid___A001_X87d_X497/working/uid___A002_Xc96463_X1646.ms.hifa_antpos.s8_13.ants.tbl
2018-03-10 10:20:49	INFO	gencal::::	##### End Task: gencal               #####
2018-03-10 10:20:49	INFO	gencal::::+	##########################################
2018-03-10 10:20:52	INFO	gencal::pipeline.infrastructure.jobrequest::	Executing gencal(caltable='uid___A002_Xc96f17_X113a.ms.hifa_antpos.s8_15.ants.tbl', vis='uid___A002_Xc96f17_X113a.ms', caltype='antpos', parameter=[0.000263729, -0.000206301, 3.57005e-05], antenna='DA47')
2018-03-10 10:20:52	INFO	gencal::::	
2018-03-10 10:20:52	INFO	gencal::::+	##########################################
2018-03-10 10:20:52	INFO	gencal::::+	##### Begin Task: gencal             #####
2018-03-10 10:20:52	INFO	gencal::::	gencal(vis="/opt/dared/opt/c5r1/mnt/dataproc/2016.1.00023.S_2018_03_09T13_37_06.344/SOUS_uid___A001_X87d_X495/GOUS_uid___A001_X87d_X496/MOUS_uid___A001_X87d_X497/working/uid___A002_Xc96f17_X113a.ms",caltable="/opt/dared/opt/c5r1/mnt/dataproc/2016.1.00023.S_2018_03_09T13_37_06.344/SOUS_uid___A001_X87d_X495/GOUS_uid___A001_X87d_X496/MOUS_uid___A001_X87d_X497/working/uid___A002_Xc96f17_X113a.ms.hifa_antpos.s8_15.ants.tbl",caltype="antpos",infile="",spw="",
2018-03-10 10:20:52	INFO	gencal::::+	        antenna="DA47",pol="",parameter=[0.000263729, -0.000206301, 3.57005e-05],uniform=True)
2018-03-10 10:20:52	INFO	calibrater::open	****Using NEW VI2-driven calibrater tool****
2018-03-10 10:20:52	INFO	calibrater::open	Opening MS: /opt/dared/opt/c5r1/mnt/dataproc/2016.1.00023.S_2018_03_09T13_37_06.344/SOUS_uid___A001_X87d_X495/GOUS_uid___A001_X87d_X496/MOUS_uid___A001_X87d_X497/working/uid___A002_Xc96f17_X113a.ms for calibration.
2018-03-10 10:20:52	INFO	Calibrater::	Initializing nominal selection to the whole MS.
2018-03-10 10:20:52	INFO	calibrater::specifycal	Beginning specifycal-----------------------
2018-03-10 10:20:52	INFO		Creating KAntPos Jones table from specified parameters.
2018-03-10 10:20:52	INFO		Writing solutions to table: /opt/dared/opt/c5r1/mnt/dataproc/2016.1.00023.S_2018_03_09T13_37_06.344/SOUS_uid___A001_X87d_X495/GOUS_uid___A001_X87d_X496/MOUS_uid___A001_X87d_X497/working/uid___A002_Xc96f17_X113a.ms.hifa_antpos.s8_15.ants.tbl
2018-03-10 10:20:53	INFO	gencal::::	##### End Task: gencal               #####
2018-03-10 10:20:53	INFO	gencal::::+	##########################################
